#
# A fatal error has been detected by the Java Runtime Environment:
#
#  EXCEPTION_ACCESS_VIOLATION (0xc0000005) at pc=0x00007ffb4fedd24b, pid=11008, tid=12776
#
# JRE version: OpenJDK Runtime Environment Temurin-17.0.13+11 (17.0.13+11) (build 17.0.13+11)
# Java VM: OpenJDK 64-Bit Server VM Temurin-17.0.13+11 (17.0.13+11, mixed mode, tiered, compressed oops, compressed class ptrs, g1 gc, windows-amd64)
# Problematic frame:
# V  [jvm.dll+0x25d24b]
#
# No core dump will be written. Minidumps are not enabled by default on client versions of Windows
#
# If you would like to submit a bug report, please visit:
#   https://github.com/adoptium/adoptium-support/issues
#

---------------  S U M M A R Y ------------

Command Line: -Dfile.encoding=UTF-8 -XX:+ShowCodeDetailsInExceptionMessages cucumber.api.cli.Main C:/Automation Workspace/Cucumber_BDD/Feature_File/Login.feature --glue classpath: --plugin pretty --monochrome

Host: Intel(R) Core(TM) i3-5010U CPU @ 2.10GHz, 4 cores, 3G,  Windows 10 , 64 bit Build 19041 (10.0.19041.5198)
Time: Thu May  1 13:59:29 2025 India Standard Time elapsed time: 8.028243 seconds (0d 0h 0m 8s)

---------------  T H R E A D  ---------------

Current thread (0x000002252a409950):  JavaThread "main" [_thread_in_vm, id=12776, stack(0x000000cc5da00000,0x000000cc5db00000)]

Stack: [0x000000cc5da00000,0x000000cc5db00000],  sp=0x000000cc5dafd040,  free space=1012k
Native frames: (J=compiled Java code, j=interpreted, Vv=VM code, C=native code)
V  [jvm.dll+0x25d24b]
V  [jvm.dll+0x6581bd]
V  [jvm.dll+0x25e2ab]
V  [jvm.dll+0x372b36]
V  [jvm.dll+0x20342d]
V  [jvm.dll+0x2022fa]
V  [jvm.dll+0x7af584]
V  [jvm.dll+0x7b1251]
V  [jvm.dll+0x7b30b1]
V  [jvm.dll+0x7b3144]
V  [jvm.dll+0x412703]
V  [jvm.dll+0x419229]
C  [java.dll+0x17ec]

Java frames: (J=compiled Java code, j=interpreted, Vv=VM code)
J 767  java.lang.ClassLoader.defineClass1(Ljava/lang/ClassLoader;Ljava/lang/String;[BIILjava/security/ProtectionDomain;Ljava/lang/String;)Ljava/lang/Class; java.base@17.0.13 (0 bytes) @ 0x0000022536dc015b [0x0000022536dc00a0+0x00000000000000bb]
J 1248 c1 java.lang.ClassLoader.defineClass(Ljava/lang/String;[BIILjava/security/ProtectionDomain;)Ljava/lang/Class; java.base@17.0.13 (43 bytes) @ 0x000002252f4d0bbc [0x000002252f4d0880+0x000000000000033c]
J 1151 c1 java.security.SecureClassLoader.defineClass(Ljava/lang/String;[BIILjava/security/CodeSource;)Ljava/lang/Class; java.base@17.0.13 (16 bytes) @ 0x000002252f4a598c [0x000002252f4a58c0+0x00000000000000cc]
J 1204 c1 jdk.internal.loader.BuiltinClassLoader.defineClass(Ljava/lang/String;Ljdk/internal/loader/Resource;)Ljava/lang/Class; java.base@17.0.13 (121 bytes) @ 0x000002252f4bc534 [0x000002252f4bb680+0x0000000000000eb4]
J 1013 c1 jdk.internal.loader.BuiltinClassLoader.findClassOnClassPathOrNull(Ljava/lang/String;)Ljava/lang/Class; java.base@17.0.13 (64 bytes) @ 0x000002252f46ae44 [0x000002252f469e00+0x0000000000001044]
J 1551 c2 jdk.internal.loader.BuiltinClassLoader.loadClassOrNull(Ljava/lang/String;Z)Ljava/lang/Class; java.base@17.0.13 (143 bytes) @ 0x0000022536e335c4 [0x0000022536e33300+0x00000000000002c4]
J 819 c1 jdk.internal.loader.ClassLoaders$AppClassLoader.loadClass(Ljava/lang/String;Z)Ljava/lang/Class; java.base@17.0.13 (40 bytes) @ 0x000002252f404654 [0x000002252f404060+0x00000000000005f4]
J 1439 c1 io.cucumber.core.resource.ClasspathScanner.safelyLoadClass(Ljava/lang/String;)Ljava/util/Optional; (32 bytes) @ 0x000002252f53ad54 [0x000002252f53a9c0+0x0000000000000394]
J 1403 c1 io.cucumber.core.resource.ClasspathScanner$$Lambda$212+0x0000000100121c40.accept(Ljava/lang/Object;)V (28 bytes) @ 0x000002252f52878c [0x000002252f528580+0x000000000000020c]
J 1333 c1 io.cucumber.core.resource.PathScanner$ResourceFileVisitor.visitFile(Ljava/lang/Object;Ljava/nio/file/attribute/BasicFileAttributes;)Ljava/nio/file/FileVisitResult; (10 bytes) @ 0x000002252f4fc924 [0x000002252f4fc5e0+0x0000000000000344]
j  java.nio.file.Files.walkFileTree(Ljava/nio/file/Path;Ljava/util/Set;ILjava/nio/file/FileVisitor;)Ljava/nio/file/Path;+101 java.base@17.0.13
j  io.cucumber.core.resource.PathScanner.findResourcesForPath(Ljava/nio/file/Path;Ljava/util/function/Predicate;Ljava/util/function/Function;)V+65
j  io.cucumber.core.resource.PathScanner.findResourcesForUri(Ljava/net/URI;Ljava/util/function/Predicate;Ljava/util/function/Function;)V+19
j  io.cucumber.core.resource.ClasspathScanner.findClassesForUri(Ljava/net/URI;Ljava/lang/String;Ljava/util/function/Predicate;)Ljava/util/List;+37
j  io.cucumber.core.resource.ClasspathScanner.lambda$findClassesForUris$3(Ljava/lang/String;Ljava/util/function/Predicate;Ljava/net/URI;)Ljava/util/List;+4
j  io.cucumber.core.resource.ClasspathScanner$$Lambda$207+0x0000000100121110.apply(Ljava/lang/Object;)Ljava/lang/Object;+16
j  java.util.stream.ReferencePipeline$3$1.accept(Ljava/lang/Object;)V+12 java.base@17.0.13
j  java.util.ArrayList$ArrayListSpliterator.forEachRemaining(Ljava/util/function/Consumer;)V+95 java.base@17.0.13
j  java.util.stream.AbstractPipeline.copyInto(Ljava/util/stream/Sink;Ljava/util/Spliterator;)V+32 java.base@17.0.13
j  java.util.stream.AbstractPipeline.wrapAndCopyInto(Ljava/util/stream/Sink;Ljava/util/Spliterator;)Ljava/util/stream/Sink;+13 java.base@17.0.13
j  java.util.stream.ReduceOps$ReduceOp.evaluateSequential(Ljava/util/stream/PipelineHelper;Ljava/util/Spliterator;)Ljava/lang/Object;+6 java.base@17.0.13
j  java.util.stream.AbstractPipeline.evaluate(Ljava/util/stream/TerminalOp;)Ljava/lang/Object;+88 java.base@17.0.13
j  java.util.stream.ReferencePipeline.collect(Ljava/util/stream/Collector;)Ljava/lang/Object;+86 java.base@17.0.13
j  io.cucumber.core.resource.ClasspathScanner.findClassesForUris(Ljava/util/List;Ljava/lang/String;Ljava/util/function/Predicate;)Ljava/util/List;+37
j  io.cucumber.core.resource.ClasspathScanner.scanForClassesInPackage(Ljava/lang/String;Ljava/util/function/Predicate;)Ljava/util/List;+24
j  io.cucumber.core.resource.ClasspathScanner.scanForClassesInPackage(Ljava/lang/String;)Ljava/util/List;+5
j  io.cucumber.java.JavaBackend$$Lambda$204+0x0000000100120a68.apply(Ljava/lang/Object;)Ljava/lang/Object;+8
j  java.util.stream.ReferencePipeline$3$1.accept(Ljava/lang/Object;)V+12 java.base@17.0.13
j  java.util.stream.ReferencePipeline$3$1.accept(Ljava/lang/Object;)V+17 java.base@17.0.13
j  java.util.stream.ReferencePipeline$2$1.accept(Ljava/lang/Object;)V+21 java.base@17.0.13
j  java.util.ArrayList$ArrayListSpliterator.forEachRemaining(Ljava/util/function/Consumer;)V+95 java.base@17.0.13
j  java.util.stream.AbstractPipeline.copyInto(Ljava/util/stream/Sink;Ljava/util/Spliterator;)V+32 java.base@17.0.13
j  java.util.stream.AbstractPipeline.wrapAndCopyInto(Ljava/util/stream/Sink;Ljava/util/Spliterator;)Ljava/util/stream/Sink;+13 java.base@17.0.13
j  java.util.stream.ForEachOps$ForEachOp.evaluateSequential(Ljava/util/stream/PipelineHelper;Ljava/util/Spliterator;)Ljava/lang/Void;+3 java.base@17.0.13
j  java.util.stream.ForEachOps$ForEachOp$OfRef.evaluateSequential(Ljava/util/stream/PipelineHelper;Ljava/util/Spliterator;)Ljava/lang/Object;+3 java.base@17.0.13
j  java.util.stream.AbstractPipeline.evaluate(Ljava/util/stream/TerminalOp;)Ljava/lang/Object;+88 java.base@17.0.13
j  java.util.stream.ReferencePipeline.forEach(Ljava/util/function/Consumer;)V+6 java.base@17.0.13
j  io.cucumber.java.JavaBackend.loadGlue(Lio/cucumber/core/backend/Glue;Ljava/util/List;)V+80
j  io.cucumber.core.runner.Runner.<init>(Lio/cucumber/core/eventbus/EventBus;Ljava/util/Collection;Lio/cucumber/core/backend/ObjectFactory;Lio/cucumber/core/runner/Options;)V+125
j  io.cucumber.core.runtime.SingletonRunnerSupplier.createRunner()Lio/cucumber/core/runner/Runner;+30
j  io.cucumber.core.runtime.SingletonRunnerSupplier.get()Lio/cucumber/core/runner/Runner;+9
j  io.cucumber.core.runtime.CucumberExecutionContext$$Lambda$194+0x000000010011dd80.get()Ljava/lang/Object;+4
j  io.cucumber.core.runtime.RethrowingThrowableCollector.executeAndThrow(Ljava/util/function/Supplier;)Ljava/lang/Object;+1
j  io.cucumber.core.runtime.CucumberExecutionContext.getRunner()Lio/cucumber/core/runner/Runner;+18
j  io.cucumber.core.runtime.CucumberExecutionContext.runBeforeAllHooks()V+1
j  io.cucumber.core.runtime.CucumberExecutionContext.lambda$runFeatures$6(Lio/cucumber/core/runtime/CucumberExecutionContext$ThrowingRunnable;)V+1
j  io.cucumber.core.runtime.CucumberExecutionContext$$Lambda$193+0x000000010011d958.run()V+8
j  io.cucumber.core.runtime.CucumberExecutionContext.execute(Lio/cucumber/core/runtime/CucumberExecutionContext$ThrowingRunnable;)V+1
j  io.cucumber.core.runtime.CucumberExecutionContext.runFeatures(Lio/cucumber/core/runtime/CucumberExecutionContext$ThrowingRunnable;)V+12
j  io.cucumber.core.runtime.Runtime.run()V+21
j  io.cucumber.core.cli.Main.run([Ljava/lang/String;Ljava/lang/ClassLoader;)B+142
j  cucumber.api.cli.Main.run([Ljava/lang/String;Ljava/lang/ClassLoader;)B+15
j  cucumber.api.cli.Main.main([Ljava/lang/String;)V+7
v  ~StubRoutines::call_stub

siginfo: EXCEPTION_ACCESS_VIOLATION (0xc0000005), reading address 0xffffffffffffffff


Registers:
RAX=0x400000010014f768, RBX=0x000000cc5dafd1d0, RCX=0x000002252f4ecf10, RDX=0x0000000000000006
RSP=0x000000cc5dafd040, RBP=0x0000000000000000, RSI=0x000000cc5dafd1d0, RDI=0x000000cc5dafd090
R8 =0x400000010014f768, R9 =0x0000000000000007, R10=0x0000000000000000, R11=0x0000022544021e80
R12=0x000002254362abf0, R13=0x000002254362abf0, R14=0x000002252a409950, R15=0x00000000e3561f9f
RIP=0x00007ffb4fedd24b, EFLAGS=0x0000000000010202


Register to memory mapping:

RIP=0x00007ffb4fedd24b jvm.dll
RAX=0x400000010014f768 is an unknown value
RBX=0x000000cc5dafd1d0 is pointing into the stack for thread: 0x000002252a409950
RCX=0x000002252f4ecf10 is at entry_point+4656 in (nmethod*)0x000002252f4eba10
Compiled method (c1)    8047 1310   !   3       java.nio.file.FileTreeWalker::getAttributes (94 bytes)
 total in heap  [0x000002252f4eba10,0x000002252f4ed400] = 6640
 relocation     [0x000002252f4ebb68,0x000002252f4ebcc8] = 352
 main code      [0x000002252f4ebce0,0x000002252f4ece60] = 4480
 stub code      [0x000002252f4ece60,0x000002252f4ecf08] = 168
 oops           [0x000002252f4ecf08,0x000002252f4ecf10] = 8
 metadata       [0x000002252f4ecf10,0x000002252f4ecf68] = 88
 scopes data    [0x000002252f4ecf68,0x000002252f4ed0f8] = 400
 scopes pcs     [0x000002252f4ed0f8,0x000002252f4ed308] = 528
 dependencies   [0x000002252f4ed308,0x000002252f4ed318] = 16
 handler table  [0x000002252f4ed318,0x000002252f4ed3a8] = 144
 nul chk table  [0x000002252f4ed3a8,0x000002252f4ed400] = 88
RDX=0x0000000000000006 is an unknown value
RSP=0x000000cc5dafd040 is pointing into the stack for thread: 0x000002252a409950
RBP=0x0 is NULL
RSI=0x000000cc5dafd1d0 is pointing into the stack for thread: 0x000002252a409950
RDI=0x000000cc5dafd090 is pointing into the stack for thread: 0x000002252a409950
R8 =0x400000010014f768 is an unknown value
R9 =0x0000000000000007 is an unknown value
R10=0x0 is NULL
R11={method} {0x0000022544021e88} 'addClass' '(Ljava/lang/Class;)V' in 'java/lang/ClassLoader'
R12=0x000002254362abf0 points into unknown readable memory: 0x0000022543636108 | 08 61 63 43 25 02 00 00
R13=0x000002254362abf0 points into unknown readable memory: 0x0000022543636108 | 08 61 63 43 25 02 00 00
R14=0x000002252a409950 is a thread
R15=0x00000000e3561f9f is an unallocated location in the heap


Top of Stack: (sp=0x000000cc5dafd040)
0x000000cc5dafd040:   0000000000000002 000000cc5dafd1d0
0x000000cc5dafd050:   00000000e3561f9f 000002252f4eba10
0x000000cc5dafd060:   000002252f4eba10 00007ffb502d81bd
0x000000cc5dafd070:   000000cc5dafd1d0 000000cc5dafd1d0
0x000000cc5dafd080:   000002254362abf0 000002252a409950
0x000000cc5dafd090:   000002252f4eba10 0000000000000000
0x000000cc5dafd0a0:   000002252f4ed308 00007ffb00000002
0x000000cc5dafd0b0:   0000000700000002 000000cc5dafd130
0x000000cc5dafd0c0:   0000000000000000 0000a388da52fbb0
0x000000cc5dafd0d0:   00000225485bea20 00007ffb4fede2ab
0x000000cc5dafd0e0:   000002252a4035a0 000002252a409950
0x000000cc5dafd0f0:   00000000000003d8 000002252a409e40
0x000000cc5dafd100:   000000cc5dafd1d0 00007ffb4fff2b36
0x000000cc5dafd110:   0000000000000000 000002252a4035a0
0x000000cc5dafd120:   000000cc5dafd2f0 000002252a40a308
0x000000cc5dafd130:   0000000100046b10 0000000100046b18
0x000000cc5dafd140:   000002252a4035a0 00007ffb4fe8342d
0x000000cc5dafd150:   000002252a4035a0 00007ffb4fe737a3
0x000000cc5dafd160:   000002252a40a230 00000001003cad80
0x000000cc5dafd170:   000000cc5dafd1d0 00007ffb00000002
0x000000cc5dafd180:   00000001000469b8 0000022544000058
0x000000cc5dafd190:   0000000000000000 00007ffb502d308f
0x000000cc5dafd1a0:   000002252a40a230 00007ffb4fe822fa
0x000000cc5dafd1b0:   000002252a405630 00000001003cad80
0x000000cc5dafd1c0:   00000001003cad80 00000001003cad80
0x000000cc5dafd1d0:   00007ffb505beed0 00000001003cad80
0x000000cc5dafd1e0:   000002252a405630 00007ffb5042f584
0x000000cc5dafd1f0:   000002252a405630 000002252a40a230
0x000000cc5dafd200:   000002252a405630 000000cc5dafd2f0
0x000000cc5dafd210:   000002252a409950 00007ffb9326fde6
0x000000cc5dafd220:   0000022544021e80 000002252a409950
0x000000cc5dafd230:   0000022544021e80 0000000000000000 

Instructions: (pc=0x00007ffb4fedd24b)
0x00007ffb4fedd14b:   8b 6c 24 38 48 8b 74 24 40 48 8b 7c 24 48 48 83
0x00007ffb4fedd15b:   c4 20 41 5e c3 8b c6 eb e1 cc cc cc cc cc cc cc
0x00007ffb4fedd16b:   cc cc cc cc cc 41 b8 01 00 00 00 e9 75 ff ff ff
0x00007ffb4fedd17b:   cc cc cc cc cc 41 b8 02 00 00 00 e9 65 ff ff ff
0x00007ffb4fedd18b:   cc cc cc cc cc 41 b8 03 00 00 00 e9 55 ff ff ff
0x00007ffb4fedd19b:   cc cc cc cc cc 41 b8 04 00 00 00 e9 45 ff ff ff
0x00007ffb4fedd1ab:   cc cc cc cc cc 45 33 c0 48 2b ca 8b 02 2b 04 11
0x00007ffb4fedd1bb:   75 0d 49 ff c0 48 83 c2 04 49 83 f8 01 7c ec c3
0x00007ffb4fedd1cb:   cc cc cc cc cc 45 33 c0 48 2b ca 8b 02 2b 04 11
0x00007ffb4fedd1db:   75 0d 49 ff c0 48 83 c2 04 49 83 f8 02 7c ec c3
0x00007ffb4fedd1eb:   cc cc cc cc cc 45 33 c0 48 2b ca 8b 02 2b 04 11
0x00007ffb4fedd1fb:   75 0d 49 ff c0 48 83 c2 04 49 83 f8 03 7c ec c3
0x00007ffb4fedd20b:   cc cc cc cc cc 48 89 5c 24 08 57 48 83 ec 20 48
0x00007ffb4fedd21b:   8b 02 48 8b f9 48 8b ca 48 8b da ff 10 84 c0 74
0x00007ffb4fedd22b:   43 8b 47 20 83 f8 08 77 3b 83 c0 fe 83 f8 05 77
0x00007ffb4fedd23b:   33 33 d2 48 8b cf e8 5a ba ff ff 48 85 c0 74 24
0x00007ffb4fedd24b:   83 78 08 00 7e 1e 80 b8 32 01 00 00 00 74 15 48
0x00007ffb4fedd25b:   8b d3 48 8b cf 48 8b 5c 24 30 48 83 c4 20 5f e9
0x00007ffb4fedd26b:   31 c5 ff ff 48 8b 03 48 8b cb ff 50 18 84 c0 74
0x00007ffb4fedd27b:   15 48 8b d3 48 8b cf 48 8b 5c 24 30 48 83 c4 20
0x00007ffb4fedd28b:   5f e9 3f c3 ff ff 48 8b 5c 24 30 33 c0 48 83 c4
0x00007ffb4fedd29b:   20 5f c3 cc cc 40 53 48 83 ec 20 48 8b d9 48 8b
0x00007ffb4fedd2ab:   09 48 8b 01 ff 10 45 33 c0 84 c0 74 09 48 8b 03
0x00007ffb4fedd2bb:   48 8b 50 08 eb 03 49 8b d0 48 8b c2 48 89 53 10
0x00007ffb4fedd2cb:   48 f7 d8 4c 89 43 18 4c 89 43 20 1b c9 83 e1 04
0x00007ffb4fedd2db:   89 4b 08 48 83 c4 20 5b c3 cc cc cc cc cc cc cc
0x00007ffb4fedd2eb:   cc cc cc cc cc 48 89 74 24 20 55 41 56 41 57 48
0x00007ffb4fedd2fb:   8d 6c 24 f0 48 81 ec 10 01 00 00 48 8b 05 eb 47
0x00007ffb4fedd30b:   8f 00 48 33 c4 48 89 45 00 48 8b 81 b0 00 00 00
0x00007ffb4fedd31b:   33 f6 48 89 4c 24 38 4d 8b f8 48 8d 4c 24 30 48
0x00007ffb4fedd32b:   89 74 24 30 48 89 44 24 40 45 33 f6 89 74 24 48
0x00007ffb4fedd33b:   e8 80 f2 ff ff 84 c0 0f 84 44 02 00 00 48 89 9c 


Stack slot to memory mapping:
stack at sp + 0 slots: 0x0000000000000002 is an unknown value
stack at sp + 1 slots: 0x000000cc5dafd1d0 is pointing into the stack for thread: 0x000002252a409950
stack at sp + 2 slots: 0x00000000e3561f9f is an unallocated location in the heap
stack at sp + 3 slots: 0x000002252f4eba10 is at entry_point+-720 in (nmethod*)0x000002252f4eba10
Compiled method (c1)    8074 1310   !   3       java.nio.file.FileTreeWalker::getAttributes (94 bytes)
 total in heap  [0x000002252f4eba10,0x000002252f4ed400] = 6640
 relocation     [0x000002252f4ebb68,0x000002252f4ebcc8] = 352
 main code      [0x000002252f4ebce0,0x000002252f4ece60] = 4480
 stub code      [0x000002252f4ece60,0x000002252f4ecf08] = 168
 oops           [0x000002252f4ecf08,0x000002252f4ecf10] = 8
 metadata       [0x000002252f4ecf10,0x000002252f4ecf68] = 88
 scopes data    [0x000002252f4ecf68,0x000002252f4ed0f8] = 400
 scopes pcs     [0x000002252f4ed0f8,0x000002252f4ed308] = 528
 dependencies   [0x000002252f4ed308,0x000002252f4ed318] = 16
 handler table  [0x000002252f4ed318,0x000002252f4ed3a8] = 144
 nul chk table  [0x000002252f4ed3a8,0x000002252f4ed400] = 88
stack at sp + 4 slots: 0x000002252f4eba10 is at entry_point+-720 in (nmethod*)0x000002252f4eba10
Compiled method (c1)    8075 1310   !   3       java.nio.file.FileTreeWalker::getAttributes (94 bytes)
 total in heap  [0x000002252f4eba10,0x000002252f4ed400] = 6640
 relocation     [0x000002252f4ebb68,0x000002252f4ebcc8] = 352
 main code      [0x000002252f4ebce0,0x000002252f4ece60] = 4480
 stub code      [0x000002252f4ece60,0x000002252f4ecf08] = 168
 oops           [0x000002252f4ecf08,0x000002252f4ecf10] = 8
 metadata       [0x000002252f4ecf10,0x000002252f4ecf68] = 88
 scopes data    [0x000002252f4ecf68,0x000002252f4ed0f8] = 400
 scopes pcs     [0x000002252f4ed0f8,0x000002252f4ed308] = 528
 dependencies   [0x000002252f4ed308,0x000002252f4ed318] = 16
 handler table  [0x000002252f4ed318,0x000002252f4ed3a8] = 144
 nul chk table  [0x000002252f4ed3a8,0x000002252f4ed400] = 88
stack at sp + 5 slots: 0x00007ffb502d81bd jvm.dll
stack at sp + 6 slots: 0x000000cc5dafd1d0 is pointing into the stack for thread: 0x000002252a409950
stack at sp + 7 slots: 0x000000cc5dafd1d0 is pointing into the stack for thread: 0x000002252a409950


Compiled method (n/a)    8077  767     n 0       java.lang.ClassLoader::defineClass1 (native)
 total in heap  [0x0000022536dbff10,0x0000022536dc03e8] = 1240
 relocation     [0x0000022536dc0068,0x0000022536dc00a0] = 56
 main code      [0x0000022536dc00a0,0x0000022536dc03e8] = 840

[Constant Pool (empty)]

[MachCode]
[Entry Point]
  # {method} {0x00000225440236c8} 'defineClass1' '(Ljava/lang/ClassLoader;Ljava/lang/String;[BIILjava/security/ProtectionDomain;Ljava/lang/String;)Ljava/lang/Class;' in 'java/lang/ClassLoader'
  # parm0:    rdx:rdx   = 'java/lang/ClassLoader'
  # parm1:    r8:r8     = 'java/lang/String'
  # parm2:    r9:r9     = '[B'
  # parm3:    rdi       = int
  # parm4:    rsi       = int
  # parm5:    rcx:rcx   = 'java/security/ProtectionDomain'
  # parm6:    [sp+0xa0]   = 'java/lang/String'  (sp of caller)
  0x0000022536dc00a0: 448b 5208 | 49c1 e203 | 493b c20f | 8407 0000 

  0x0000022536dc00b0: ;   {runtime_call ic_miss_stub}
  0x0000022536dc00b0: 00e9 ca0f | a7ff 6690 
[Verified Entry Point]
  0x0000022536dc00b8: 8984 2400 | 90ff ff55 | 488b ec48 | 81ec 9000 | 0000 4881 | 7d10 0000 | 0000 488d | 4510 480f 
  0x0000022536dc00d8: 4445 1048 | 8944 2440 | 4889 4c24 | 7048 83f9 | 0048 8d44 | 2470 480f | 4444 2470 | 4889 4424 
  0x0000022536dc00f8: 3848 8974 | 2430 4889 | 7c24 284c | 894c 2458 | 4983 f900 | 488d 4424 | 5848 0f44 | 4424 5848 
  0x0000022536dc0118: 8944 2420 | 4c89 4424 | 5049 83f8 | 004c 8d4c | 2450 4c0f | 444c 2450 | 4889 5424 | 4848 83fa 
  0x0000022536dc0138: 004c 8d44 | 2448 4c0f | 4444 2448 

  0x0000022536dc0144: ;   {oop(a 'java/lang/Class'{0x00000000c190de38} = 'java/lang/ClassLoader')}
  0x0000022536dc0144: 49be 38de | 90c1 0000 | 0000 4c89 | 7424 784c | 8d74 2478 | 498b d6c5 

  0x0000022536dc015c: ;   {internal_word}
  0x0000022536dc015c: f877 49ba | 5b01 dc36 | 2502 0000 | 4d89 97a0 | 0200 0049 | 89a7 9802 

  0x0000022536dc0174: ;   {external_word}
  0x0000022536dc0174: 0000 49ba | 7ec6 8050 | fb7f 0000 | 4180 3a00 | 0f84 5200 | 0000 5241 

  0x0000022536dc018c: ;   {metadata({method} {0x00000225440236c8} 'defineClass1' '(Ljava/lang/ClassLoader;Ljava/lang/String;[BIILjava/security/ProtectionDomain;Ljava/lang/String;)Ljava/lang/Class;' in 'java/lang/ClassLoader')}
  0x0000022536dc018c: 5041 5148 | bac0 3602 | 4425 0200 | 0049 8bcf | 4883 ec20 | f7c4 0f00 | 0000 0f84 | 1a00 0000 
  0x0000022536dc01ac: 4883 ec08 

  0x0000022536dc01b0: ;   {runtime_call}
  0x0000022536dc01b0: 49ba 6086 | 3650 fb7f | 0000 41ff | d248 83c4 | 08e9 0d00 

  0x0000022536dc01c4: ;   {runtime_call}
  0x0000022536dc01c4: 0000 49ba | 6086 3650 | fb7f 0000 | 41ff d248 | 83c4 2041 | 5941 585a | 498d 8fb8 | 0200 0041 
  0x0000022536dc01e4: c787 4803 | 0000 0400 

  0x0000022536dc01ec: ;   {runtime_call}
  0x0000022536dc01ec: 0000 49ba | ac16 6f82 | fb7f 0000 | 41ff d2c5 | f877 41c7 | 8748 0300 | 0005 0000 | 00f0 8344 
  0x0000022536dc020c: 24c0 0049 | 3baf 5003 | 0000 0f87 | 1100 0000 | 4181 bf38 | 0300 0000 | 0000 000f | 842c 0000 
  0x0000022536dc022c: 00c5 f877 | 4889 45f8 | 498b cf4c | 8be4 4883 | ec20 4883 

  0x0000022536dc0240: ;   {runtime_call}
  0x0000022536dc0240: e4f0 49ba | b094 4650 | fb7f 0000 | 41ff d249 | 8be4 4d33 | e448 8b45 | f841 c787 | 4803 0000 
  0x0000022536dc0260: 0800 0000 | 4181 bfb8 | 0300 0002 | 0000 000f | 843f 0100 

  0x0000022536dc0274: ;   {external_word}
  0x0000022536dc0274: 0049 ba7e | c680 50fb | 7f00 0041 | 803a 000f | 8450 0000 | 0048 8945 

  0x0000022536dc028c: ;   {metadata({method} {0x00000225440236c8} 'defineClass1' '(Ljava/lang/ClassLoader;Ljava/lang/String;[BIILjava/security/ProtectionDomain;Ljava/lang/String;)Ljava/lang/Class;' in 'java/lang/ClassLoader')}
  0x0000022536dc028c: f848 bac0 | 3602 4425 | 0200 0049 | 8bcf 4883 | ec20 f7c4 | 0f00 0000 | 0f84 1a00 | 0000 4883 
  0x0000022536dc02ac: ;   {runtime_call}
  0x0000022536dc02ac: ec08 49ba | 6086 3650 | fb7f 0000 | 41ff d248 | 83c4 08e9 | 0d00 0000 

  0x0000022536dc02c4: ;   {runtime_call}
  0x0000022536dc02c4: 49ba 6086 | 3650 fb7f | 0000 41ff | d248 83c4 | 2048 8b45 | f849 c787 | 9802 0000 | 0000 0000 
  0x0000022536dc02e4: 49c7 87a0 | 0200 0000 | 0000 00c5 | f877 4885 | c00f 8493 | 0000 0048 | f7c0 0100 | 0000 0f84 
  0x0000022536dc0304: 8300 0000 | 488b 40ff | 4180 7f38 | 000f 846f | 0000 0048 | 83f8 000f | 8465 0000 | 0049 8b4f 
  0x0000022536dc0324: 2048 83f9 | 000f 8414 | 0000 0048 | 83e9 0849 | 894f 2049 | 034f 3048 | 8901 e943 | 0000 0050 
  0x0000022536dc0344: 498b d748 | 8bc8 4883 | ec20 f7c4 | 0f00 0000 | 0f84 1a00 | 0000 4883 

  0x0000022536dc035c: ;   {runtime_call}
  0x0000022536dc035c: ec08 49ba | 0026 f54f | fb7f 0000 | 41ff d248 | 83c4 08e9 | 0d00 0000 

  0x0000022536dc0374: ;   {runtime_call}
  0x0000022536dc0374: 49ba 0026 | f54f fb7f | 0000 41ff | d248 83c4 | 2058 e903 | 0000 0048 | 8b00 498b | 8fd8 0000 
  0x0000022536dc0394: 00c7 8100 | 0100 0000 | 0000 00c9 | 4981 7f08 | 0000 0000 | 0f85 0100 

  0x0000022536dc03ac: ;   {runtime_call StubRoutines (1)}
  0x0000022536dc03ac: 0000 c3e9 | 4c0b a2ff | c5f8 7748 | 8945 f84c | 8be4 4883 | ec20 4883 

  0x0000022536dc03c4: ;   {runtime_call}
  0x0000022536dc03c4: e4f0 49ba | 80b7 3650 | fb7f 0000 | 41ff d249 | 8be4 4d33 | e448 8b45 | f8e9 93fe | ffff f4f4 
  0x0000022536dc03e4: f4f4 f4f4 
[/MachCode]


Compiled method (c1)    8095 1248       3       java.lang.ClassLoader::defineClass (43 bytes)
 total in heap  [0x000002252f4d0690,0x000002252f4d0fa8] = 2328
 relocation     [0x000002252f4d07e8,0x000002252f4d0878] = 144
 main code      [0x000002252f4d0880,0x000002252f4d0d00] = 1152
 stub code      [0x000002252f4d0d00,0x000002252f4d0d78] = 120
 metadata       [0x000002252f4d0d78,0x000002252f4d0da8] = 48
 scopes data    [0x000002252f4d0da8,0x000002252f4d0e98] = 240
 scopes pcs     [0x000002252f4d0e98,0x000002252f4d0f78] = 224
 dependencies   [0x000002252f4d0f78,0x000002252f4d0f80] = 8
 nul chk table  [0x000002252f4d0f80,0x000002252f4d0fa8] = 40

[Constant Pool (empty)]

[MachCode]
[Entry Point]
  # {method} {0x00000225440234c8} 'defineClass' '(Ljava/lang/String;[BIILjava/security/ProtectionDomain;)Ljava/lang/Class;' in 'java/lang/ClassLoader'
  # this:     rdx:rdx   = 'java/lang/ClassLoader'
  # parm0:    r8:r8     = 'java/lang/String'
  # parm1:    r9:r9     = '[B'
  # parm2:    rdi       = int
  # parm3:    rsi       = int
  # parm4:    rcx:rcx   = 'java/security/ProtectionDomain'
  #           [sp+0xc0]  (sp of caller)
  0x000002252f4d0880: 448b 5208 | 49c1 e203 

  0x000002252f4d0888: ;   {runtime_call ic_miss_stub}
  0x000002252f4d0888: 4c3b d00f | 85ef 0736 | 0766 6666 | 0f1f 8400 | 0000 0000 | 6666 6690 
[Verified Entry Point]
  0x000002252f4d08a0: 8984 2400 | 90ff ff55 | 4881 ecb0 | 0000 0048 | 8954 2478 

  0x000002252f4d08b4: ;   {metadata(method data for {method} {0x00000225440234c8} 'defineClass' '(Ljava/lang/String;[BIILjava/security/ProtectionDomain;)Ljava/lang/Class;' in 'java/lang/ClassLoader')}
  0x000002252f4d08b4: 48bb 805d | ab44 2502 | 0000 8b83 | cc00 0000 | 83c0 0289 | 83cc 0000 | 0081 e0fe | 0700 0083 
  0x000002252f4d08d4: f800 0f84 | 3603 0000 | 89b4 2494 | 0000 0089 | bc24 9000 | 0000 4c89 | 8c24 8800 | 0000 488b 
  0x000002252f4d08f4: ;   {metadata(method data for {method} {0x00000225440234c8} 'defineClass' '(Ljava/lang/String;[BIILjava/security/ProtectionDomain;)Ljava/lang/Class;' in 'java/lang/ClassLoader')}
  0x000002252f4d08f4: da48 b880 | 5dab 4425 | 0200 0048 | 8380 1001 | 0000 0149 | 8bd8 4c8b | c34c 8bc9 | 488b ca48 
  0x000002252f4d0914: 8bd1 4889 | 9c24 8000 

  0x000002252f4d091c: ;   {optimized virtual_call}
  0x000002252f4d091c: 0000 90e8 

  0x000002252f4d0920: ; ImmutableOopMap {[120]=Oop [136]=Oop [128]=Oop }
                      ;*invokevirtual preDefineClass {reexecute=0 rethrow=0 return_oop=0}
                      ; - java.lang.ClassLoader::defineClass@4 (line 1015)
  0x000002252f4d0920: 7ce2 feff | 4889 8424 | 9800 0000 | 488b 5424 

  0x000002252f4d0930: ;   {metadata(method data for {method} {0x00000225440234c8} 'defineClass' '(Ljava/lang/String;[BIILjava/security/ProtectionDomain;)Ljava/lang/Class;' in 'java/lang/ClassLoader')}
  0x000002252f4d0930: 7849 b880 | 5dab 4425 | 0200 0049 | 8380 4801 

  0x000002252f4d0940: ;   {metadata(method data for {method} {0x00000225440232b0} 'defineClassSourceLocation' '(Ljava/security/ProtectionDomain;)Ljava/lang/String;' in 'java/lang/ClassLoader')}
  0x000002252f4d0940: 0000 0149 | b868 34ac | 4425 0200 | 0041 8b90 | cc00 0000 | 83c2 0241 | 8990 cc00 | 0000 81e2 
  0x000002252f4d0960: feff 1f00 | 83fa 000f | 84c6 0200 | 0048 3b00 

  0x000002252f4d0970: ;   {metadata(method data for {method} {0x00000225440232b0} 'defineClassSourceLocation' '(Ljava/security/ProtectionDomain;)Ljava/lang/String;' in 'java/lang/ClassLoader')}
  0x000002252f4d0970: 4c8b c048 | ba68 34ac | 4425 0200 | 0048 8382 | 1001 0000 | 0144 8b40 | 1049 83f8 

  0x000002252f4d098c: ;   {metadata(method data for {method} {0x00000225440232b0} 'defineClassSourceLocation' '(Ljava/security/ProtectionDomain;)Ljava/lang/String;' in 'java/lang/ClassLoader')}
  0x000002252f4d098c: 0048 ba68 | 34ac 4425 | 0200 0048 | c7c6 5801 | 0000 0f85 | 0700 0000 | 48c7 c648 | 0100 0048 
  0x000002252f4d09ac: 8b3c 3248 | 8d7f 0148 | 893c 320f | 850f 0000 

  0x000002252f4d09bc: ;   {oop(NULL)}
  0x000002252f4d09bc: 0048 bb00 | 0000 0000 | 0000 00e9 | 9b01 0000 

  0x000002252f4d09cc: ; implicit exception: dispatches to 0x000002252f4d0c59
  0x000002252f4d09cc: 493b 0049 

  0x000002252f4d09d0: ;   {metadata(method data for {method} {0x00000225440232b0} 'defineClassSourceLocation' '(Ljava/security/ProtectionDomain;)Ljava/lang/String;' in 'java/lang/ClassLoader')}
  0x000002252f4d09d0: 8bd0 48be | 6834 ac44 | 2502 0000 | 4883 8668 | 0100 0001 | 418b 500c | 4883 fa00 

  0x000002252f4d09ec: ;   {metadata(method data for {method} {0x00000225440232b0} 'defineClassSourceLocation' '(Ljava/security/ProtectionDomain;)Ljava/lang/String;' in 'java/lang/ClassLoader')}
  0x000002252f4d09ec: 48be 6834 | ac44 2502 | 0000 48c7 | c7b0 0100 | 000f 8507 | 0000 0048 | c7c7 a001 | 0000 488b 
  0x000002252f4d0a0c: 1c3e 488d | 5b01 4889 | 1c3e 0f85 | 0f00 0000 

  0x000002252f4d0a1c: ;   {oop(NULL)}
  0x000002252f4d0a1c: 48bb 0000 | 0000 0000 | 0000 e93c 

  0x000002252f4d0a28: ;   {metadata(method data for {method} {0x00000225440232b0} 'defineClassSourceLocation' '(Ljava/security/ProtectionDomain;)Ljava/lang/String;' in 'java/lang/ClassLoader')}
  0x000002252f4d0a28: 0100 0048 | be68 34ac | 4425 0200 | 0048 8386 | c001 0000 | 0148 3b02 

  0x000002252f4d0a40: ;   {metadata(method data for {method} {0x00000225440232b0} 'defineClassSourceLocation' '(Ljava/security/ProtectionDomain;)Ljava/lang/String;' in 'java/lang/ClassLoader')}
  0x000002252f4d0a40: 4c8b c248 | be68 34ac | 4425 0200 | 0048 8386 | f801 0000 

  0x000002252f4d0a54: ;   {metadata(method data for {method} {0x00000225440dc558} 'toString' '()Ljava/lang/String;' in 'java/net/URL')}
  0x000002252f4d0a54: 0149 b8b8 | c2a6 4425 | 0200 0041 | 8bb0 cc00 | 0000 83c6 | 0241 89b0 | cc00 0000 | 81e6 feff 
  0x000002252f4d0a74: 1f00 83fe | 000f 84e4 | 0100 004c 

  0x000002252f4d0a80: ;   {metadata(method data for {method} {0x00000225440dc558} 'toString' '()Ljava/lang/String;' in 'java/net/URL')}
  0x000002252f4d0a80: 8bc2 48be | b8c2 a644 | 2502 0000 | 4883 8610 | 0100 0001 

  0x000002252f4d0a94: ;   {metadata(method data for {method} {0x00000225440dc600} 'toExternalForm' '()Ljava/lang/String;' in 'java/net/URL')}
  0x000002252f4d0a94: 49b8 40c4 | a644 2502 | 0000 418b | b0cc 0000 | 0083 c602 | 4189 b0cc | 0000 0081 | e6fe ff1f 
  0x000002252f4d0ab4: 0083 fe00 | 0f84 c601 | 0000 8b72 | 3848 3b06 

  0x000002252f4d0ac4: ;   {metadata(method data for {method} {0x00000225440dc600} 'toExternalForm' '()Ljava/lang/String;' in 'java/net/URL')}
  0x000002252f4d0ac4: 4c8b c648 | bf40 c4a6 | 4425 0200 | 0045 8b40 | 0849 c1e0 | 034c 3b87 | 2001 0000 | 750d 4883 
  0x000002252f4d0ae4: 8728 0100 | 0001 e966 | 0000 004c | 3b87 3001 | 0000 750d | 4883 8738 | 0100 0001 | e950 0000 
  0x000002252f4d0b04: 0048 81bf | 2001 0000 | 0000 0000 | 7517 4c89 | 8720 0100 | 0048 c787 | 2801 0000 | 0100 0000 
  0x000002252f4d0b24: e92c 0000 | 0048 81bf | 3001 0000 | 0000 0000 | 7517 4c89 | 8730 0100 | 0048 c787 | 3801 0000 
  0x000002252f4d0b44: 0100 0000 | e908 0000 | 0048 8387 | 1001 0000 | 014c 8bc2 | 488b d60f 

  0x000002252f4d0b5c: ;   {optimized virtual_call}
  0x000002252f4d0b5c: 1f40 00e8 

  0x000002252f4d0b60: ; ImmutableOopMap {[120]=Oop [136]=Oop [128]=Oop [152]=Oop }
                      ;*invokevirtual toExternalForm {reexecute=0 rethrow=0 return_oop=0}
                      ; - java.net.URL::toExternalForm@5 (line 1039)
                      ; - java.net.URL::toString@1 (line 1025)
                      ; - java.lang.ClassLoader::defineClassSourceLocation@22 (line 917)
                      ; - java.lang.ClassLoader::defineClass@12 (line 1016)
  0x000002252f4d0b60: dc25 f9ff | 488b d848 | 8b84 2498 | 0000 008b | b424 9400 | 0000 8bbc | 2490 0000 | 004c 8b8c 
  0x000002252f4d0b80: 2488 0000 | 004c 8b84 | 2480 0000 | 0048 8b54 

  0x000002252f4d0b90: ;   {metadata(method data for {method} {0x00000225440234c8} 'defineClass' '(Ljava/lang/String;[BIILjava/security/ProtectionDomain;)Ljava/lang/Class;' in 'java/lang/ClassLoader')}
  0x000002252f4d0b90: 2478 48b9 | 805d ab44 | 2502 0000 | 4883 8180 | 0100 0001 | 4c8b da49 | 8bd3 488b | c848 891c 
  0x000002252f4d0bb0: 2466 0f1f 

  0x000002252f4d0bb4: ;   {static_call}
  0x000002252f4d0bb4: 4400 00e8 

  0x000002252f4d0bb8: ; ImmutableOopMap {[152]=Oop [120]=Oop }
                      ;*invokestatic defineClass1 {reexecute=0 rethrow=0 return_oop=0}
                      ; - java.lang.ClassLoader::defineClass@27 (line 1017)
  0x000002252f4d0bb8: fcf4 8e07 | 488b 5424 

  0x000002252f4d0bc0: ;   {metadata(method data for {method} {0x00000225440234c8} 'defineClass' '(Ljava/lang/String;[BIILjava/security/ProtectionDomain;)Ljava/lang/Class;' in 'java/lang/ClassLoader')}
  0x000002252f4d0bc0: 7849 b880 | 5dab 4425 | 0200 0049 | 8380 9001 | 0000 014c | 8bc0 4c8b | 8c24 9800 | 0000 488b 
  0x000002252f4d0be0: 5424 7848 | 8984 24a0 | 0000 000f 

  0x000002252f4d0bec: ;   {optimized virtual_call}
  0x000002252f4d0bec: 1f40 00e8 

  0x000002252f4d0bf0: ; ImmutableOopMap {[160]=Oop }
                      ;*invokevirtual postDefineClass {reexecute=0 rethrow=0 return_oop=0}
                      ; - java.lang.ClassLoader::defineClass@37 (line 1018)
  0x000002252f4d0bf0: 2c22 ffff | 488b 8424 | a000 0000 | 4881 c4b0 | 0000 005d 

  0x000002252f4d0c04: ;   {poll_return}
  0x000002252f4d0c04: 493b a750 | 0300 000f | 8799 0000 

  0x000002252f4d0c10: ;   {metadata({method} {0x00000225440234c8} 'defineClass' '(Ljava/lang/String;[BIILjava/security/ProtectionDomain;)Ljava/lang/Class;' in 'java/lang/ClassLoader')}
  0x000002252f4d0c10: 00c3 49ba | c034 0244 | 2502 0000 | 4c89 5424 | 0848 c704 | 24ff ffff 

  0x000002252f4d0c28: ;   {runtime_call counter_overflow Runtime1 stub}
  0x000002252f4d0c28: ffe8 5288 

  0x000002252f4d0c2c: ; ImmutableOopMap {rdx=Oop [120]=Oop r8=Oop r9=Oop rcx=Oop }
                      ;*synchronization entry
                      ; - java.lang.ClassLoader::defineClass@-1 (line 1015)
  0x000002252f4d0c2c: 4007 e9a9 

  0x000002252f4d0c30: ;   {metadata({method} {0x00000225440232b0} 'defineClassSourceLocation' '(Ljava/security/ProtectionDomain;)Ljava/lang/String;' in 'java/lang/ClassLoader')}
  0x000002252f4d0c30: fcff ff49 | baa8 3202 | 4425 0200 | 004c 8954 | 2408 48c7 | 0424 ffff 

  0x000002252f4d0c48: ;   {runtime_call counter_overflow Runtime1 stub}
  0x000002252f4d0c48: ffff e831 

  0x000002252f4d0c4c: ; ImmutableOopMap {[120]=Oop [136]=Oop [128]=Oop rax=Oop [152]=Oop }
                      ;*synchronization entry
                      ; - java.lang.ClassLoader::defineClassSourceLocation@-1 (line 914)
                      ; - java.lang.ClassLoader::defineClass@12 (line 1016)
  0x000002252f4d0c4c: 8840 07e9 | 19fd ffff 

  0x000002252f4d0c54: ;   {runtime_call throw_null_pointer_exception Runtime1 stub}
  0x000002252f4d0c54: e847 2b40 

  0x000002252f4d0c58: ; ImmutableOopMap {[120]=Oop [136]=Oop [128]=Oop rax=Oop [152]=Oop }
                      ;*invokevirtual getCodeSource {reexecute=0 rethrow=0 return_oop=0}
                      ; - java.lang.ClassLoader::defineClassSourceLocation@1 (line 914)
                      ; - java.lang.ClassLoader::defineClass@12 (line 1016)
                      ;   {runtime_call throw_null_pointer_exception Runtime1 stub}
  0x000002252f4d0c58: 07e8 422b 

  0x000002252f4d0c5c: ; ImmutableOopMap {[120]=Oop [136]=Oop [128]=Oop rax=Oop [152]=Oop r8=Oop }
                      ;*invokevirtual getLocation {reexecute=0 rethrow=0 return_oop=0}
                      ; - java.lang.ClassLoader::defineClassSourceLocation@12 (line 916)
                      ; - java.lang.ClassLoader::defineClass@12 (line 1016)
                      ;   {runtime_call throw_null_pointer_exception Runtime1 stub}
  0x000002252f4d0c5c: 4007 e83d 

  0x000002252f4d0c60: ; ImmutableOopMap {[120]=Oop [136]=Oop [128]=Oop [152]=Oop rdx=Oop }
                      ;*invokevirtual toString {reexecute=0 rethrow=0 return_oop=0}
                      ; - java.lang.ClassLoader::defineClassSourceLocation@22 (line 917)
                      ; - java.lang.ClassLoader::defineClass@12 (line 1016)
                      ;   {metadata({method} {0x00000225440dc558} 'toString' '()Ljava/lang/String;' in 'java/net/URL')}
  0x000002252f4d0c60: 2b40 0749 | ba50 c50d | 4425 0200 | 004c 8954 | 2408 48c7 | 0424 ffff 

  0x000002252f4d0c78: ;   {runtime_call counter_overflow Runtime1 stub}
  0x000002252f4d0c78: ffff e801 

  0x000002252f4d0c7c: ; ImmutableOopMap {[120]=Oop [136]=Oop [128]=Oop [152]=Oop rdx=Oop }
                      ;*synchronization entry
                      ; - java.net.URL::toString@-1 (line 1025)
                      ; - java.lang.ClassLoader::defineClassSourceLocation@22 (line 917)
                      ; - java.lang.ClassLoader::defineClass@12 (line 1016)
  0x000002252f4d0c7c: 8840 07e9 | fbfd ffff 

  0x000002252f4d0c84: ;   {metadata({method} {0x00000225440dc600} 'toExternalForm' '()Ljava/lang/String;' in 'java/net/URL')}
  0x000002252f4d0c84: 49ba f8c5 | 0d44 2502 | 0000 4c89 | 5424 0848 | c704 24ff 

  0x000002252f4d0c98: ;   {runtime_call counter_overflow Runtime1 stub}
  0x000002252f4d0c98: ffff ffe8 

  0x000002252f4d0c9c: ; ImmutableOopMap {[120]=Oop [136]=Oop [128]=Oop [152]=Oop rdx=Oop }
                      ;*synchronization entry
                      ; - java.net.URL::toExternalForm@-1 (line 1039)
                      ; - java.net.URL::toString@1 (line 1025)
                      ; - java.lang.ClassLoader::defineClassSourceLocation@22 (line 917)
                      ; - java.lang.ClassLoader::defineClass@12 (line 1016)
  0x000002252f4d0c9c: e087 4007 | e919 feff 

  0x000002252f4d0ca4: ;   {runtime_call throw_null_pointer_exception Runtime1 stub}
  0x000002252f4d0ca4: ffe8 f62a 

  0x000002252f4d0ca8: ; ImmutableOopMap {[120]=Oop [136]=Oop [128]=Oop [152]=Oop rdx=Oop rsi=Oop }
                      ;*invokevirtual toExternalForm {reexecute=0 rethrow=0 return_oop=0}
                      ; - java.net.URL::toExternalForm@5 (line 1039)
                      ; - java.net.URL::toString@1 (line 1025)
                      ; - java.lang.ClassLoader::defineClassSourceLocation@22 (line 917)
                      ; - java.lang.ClassLoader::defineClass@12 (line 1016)
                      ;   {internal_word}
  0x000002252f4d0ca8: 4007 49ba | 040c 4d2f | 2502 0000 | 4d89 9768 

  0x000002252f4d0cb8: ;   {runtime_call SafepointBlob}
  0x000002252f4d0cb8: 0300 00e9 | 406d 3607 | 9090 498b | 87e0 0300 | 0049 c787 | e003 0000 | 0000 0000 | 49c7 87e8 
  0x000002252f4d0cd8: 0300 0000 | 0000 0048 | 81c4 b000 

  0x000002252f4d0ce4: ;   {runtime_call unwind_exception Runtime1 stub}
  0x000002252f4d0ce4: 0000 5de9 | 144b 3707 | f4f4 f4f4 | f4f4 f4f4 | f4f4 f4f4 | f4f4 f4f4 | f4f4 f4f4 
[Stub Code]
  0x000002252f4d0d00: ;   {no_reloc}
  0x000002252f4d0d00: 0f1f 4400 

  0x000002252f4d0d04: ;   {static_stub}
  0x000002252f4d0d04: 0048 bb00 | 0000 0000 

  0x000002252f4d0d0c: ;   {runtime_call}
  0x000002252f4d0d0c: 0000 00e9 | fbff ffff 

  0x000002252f4d0d14: ;   {static_stub}
  0x000002252f4d0d14: 9048 bb00 | 0000 0000 

  0x000002252f4d0d1c: ;   {runtime_call}
  0x000002252f4d0d1c: 0000 00e9 | fbff ffff 

  0x000002252f4d0d24: ;   {static_stub}
  0x000002252f4d0d24: 9048 bb00 | 0000 0000 

  0x000002252f4d0d2c: ;   {runtime_call}
  0x000002252f4d0d2c: 0000 00e9 | fbff ffff 

  0x000002252f4d0d34: ;   {static_stub}
  0x000002252f4d0d34: 9048 bb00 | 0000 0000 

  0x000002252f4d0d3c: ;   {runtime_call}
  0x000002252f4d0d3c: 0000 00e9 | fbff ffff 
[Exception Handler]
  0x000002252f4d0d44: ;   {runtime_call handle_exception_from_callee Runtime1 stub}
  0x000002252f4d0d44: e837 4840 

  0x000002252f4d0d48: ;   {external_word}
  0x000002252f4d0d48: 0748 b9a0 | e95a 50fb | 7f00 0048 

  0x000002252f4d0d54: ;   {runtime_call}
  0x000002252f4d0d54: 83e4 f049 | ba40 7123 | 50fb 7f00 | 0041 ffd2 

  0x000002252f4d0d64: ;   {section_word}
  0x000002252f4d0d64: f449 ba65 | 0d4d 2f25 | 0200 0041 

  0x000002252f4d0d70: ;   {runtime_call DeoptimizationBlob}
  0x000002252f4d0d70: 52e9 2a5f | 3607 f4f4 
[/MachCode]


Compiled method (c1)    8126 1151       3       java.security.SecureClassLoader::defineClass (16 bytes)
 total in heap  [0x000002252f4a5710,0x000002252f4a5b00] = 1008
 relocation     [0x000002252f4a5868,0x000002252f4a58b0] = 72
 main code      [0x000002252f4a58c0,0x000002252f4a5a00] = 320
 stub code      [0x000002252f4a5a00,0x000002252f4a5a58] = 88
 metadata       [0x000002252f4a5a58,0x000002252f4a5a60] = 8
 scopes data    [0x000002252f4a5a60,0x000002252f4a5aa8] = 72
 scopes pcs     [0x000002252f4a5aa8,0x000002252f4a5af8] = 80
 dependencies   [0x000002252f4a5af8,0x000002252f4a5b00] = 8

[Constant Pool (empty)]

[MachCode]
[Entry Point]
  # {method} {0x000002254403af20} 'defineClass' '(Ljava/lang/String;[BIILjava/security/CodeSource;)Ljava/lang/Class;' in 'java/security/SecureClassLoader'
  # this:     rdx:rdx   = 'java/security/SecureClassLoader'
  # parm0:    r8:r8     = 'java/lang/String'
  # parm1:    r9:r9     = '[B'
  # parm2:    rdi       = int
  # parm3:    rsi       = int
  # parm4:    rcx:rcx   = 'java/security/CodeSource'
  #           [sp+0x80]  (sp of caller)
  0x000002252f4a58c0: 448b 5208 | 49c1 e203 

  0x000002252f4a58c8: ;   {runtime_call ic_miss_stub}
  0x000002252f4a58c8: 4c3b d00f | 85af b738 | 0766 6666 | 0f1f 8400 | 0000 0000 | 6666 6690 
[Verified Entry Point]
  0x000002252f4a58e0: 8984 2400 | 90ff ff55 | 4883 ec70 

  0x000002252f4a58ec: ;   {metadata(method data for {method} {0x000002254403af20} 'defineClass' '(Ljava/lang/String;[BIILjava/security/CodeSource;)Ljava/lang/Class;' in 'java/security/SecureClassLoader')}
  0x000002252f4a58ec: 48bb 9059 | ab44 2502 | 0000 8b83 | cc00 0000 | 83c0 0289 | 83cc 0000 | 0081 e0fe | 0700 0083 
  0x000002252f4a590c: f800 0f84 | 8b00 0000 | 8974 245c | 897c 2458 | 4c89 4c24 | 504c 8944 | 2448 488b 

  0x000002252f4a5928: ;   {metadata(method data for {method} {0x000002254403af20} 'defineClass' '(Ljava/lang/String;[BIILjava/security/CodeSource;)Ljava/lang/Class;' in 'java/security/SecureClassLoader')}
  0x000002252f4a5928: da48 b890 | 59ab 4425 | 0200 0048 | 8380 1001 | 0000 014c | 8bc1 488b | c248 8bd0 | 4889 4424 
  0x000002252f4a5948: 4066 0f1f 

  0x000002252f4a594c: ;   {optimized virtual_call}
  0x000002252f4a594c: 4400 00e8 

  0x000002252f4a5950: ; ImmutableOopMap {[80]=Oop [64]=Oop [72]=Oop }
                      ;*invokevirtual getProtectionDomain {reexecute=0 rethrow=0 return_oop=0}
                      ; - java.security.SecureClassLoader::defineClass@9 (line 150)
  0x000002252f4a5950: 4ca5 0200 | 488b 5424 

  0x000002252f4a5958: ;   {metadata(method data for {method} {0x000002254403af20} 'defineClass' '(Ljava/lang/String;[BIILjava/security/CodeSource;)Ljava/lang/Class;' in 'java/security/SecureClassLoader')}
  0x000002252f4a5958: 4049 b890 | 59ab 4425 | 0200 0049 | 8380 4801 | 0000 014c | 8b44 2448 | 4c8b 4c24 | 508b 7c24 
  0x000002252f4a5978: 588b 7424 | 5c48 8bc8 | 488b 5424 

  0x000002252f4a5984: ;   {optimized virtual_call}
  0x000002252f4a5984: 4066 90e8 

  0x000002252f4a5988: ; ImmutableOopMap {}
                      ;*invokevirtual defineClass {reexecute=0 rethrow=0 return_oop=0}
                      ; - java.security.SecureClassLoader::defineClass@12 (line 150)
  0x000002252f4a5988: 14af 0200 | 4883 c470 

  0x000002252f4a5990: ;   {poll_return}
  0x000002252f4a5990: 5d49 3ba7 | 5003 0000 | 0f87 2200 

  0x000002252f4a599c: ;   {metadata({method} {0x000002254403af20} 'defineClass' '(Ljava/lang/String;[BIILjava/security/CodeSource;)Ljava/lang/Class;' in 'java/security/SecureClassLoader')}
  0x000002252f4a599c: 0000 c349 | ba18 af03 | 4425 0200 | 004c 8954 | 2408 48c7 | 0424 ffff 

  0x000002252f4a59b4: ;   {runtime_call counter_overflow Runtime1 stub}
  0x000002252f4a59b4: ffff e8c5 

  0x000002252f4a59b8: ; ImmutableOopMap {rdx=Oop r8=Oop r9=Oop rcx=Oop }
                      ;*synchronization entry
                      ; - java.security.SecureClassLoader::defineClass@-1 (line 150)
  0x000002252f4a59b8: 3a43 07e9 | 54ff ffff 

  0x000002252f4a59c0: ;   {internal_word}
  0x000002252f4a59c0: 49ba 9159 | 4a2f 2502 | 0000 4d89 | 9768 0300 

  0x000002252f4a59d0: ;   {runtime_call SafepointBlob}
  0x000002252f4a59d0: 00e9 2a20 | 3907 9090 | 498b 87e0 | 0300 0049 | c787 e003 | 0000 0000 | 0000 49c7 | 87e8 0300 
  0x000002252f4a59f0: 0000 0000 | 0048 83c4 

  0x000002252f4a59f8: ;   {runtime_call unwind_exception Runtime1 stub}
  0x000002252f4a59f8: 705d e901 | fe39 07f4 
[Stub Code]
  0x000002252f4a5a00: ;   {no_reloc}
  0x000002252f4a5a00: 0f1f 4400 

  0x000002252f4a5a04: ;   {static_stub}
  0x000002252f4a5a04: 0048 bb78 | b103 4425 

  0x000002252f4a5a0c: ;   {runtime_call I2C/C2I adapters}
  0x000002252f4a5a0c: 0200 00e9 | 400c 3907 

  0x000002252f4a5a14: ;   {static_stub}
  0x000002252f4a5a14: 9048 bbc0 | 3402 4425 

  0x000002252f4a5a1c: ;   {runtime_call I2C/C2I adapters}
  0x000002252f4a5a1c: 0200 00e9 | be1c 3807 
[Exception Handler]
  0x000002252f4a5a24: ;   {runtime_call handle_exception_from_callee Runtime1 stub}
  0x000002252f4a5a24: e857 fb42 

  0x000002252f4a5a28: ;   {external_word}
  0x000002252f4a5a28: 0748 b9a0 | e95a 50fb | 7f00 0048 

  0x000002252f4a5a34: ;   {runtime_call}
  0x000002252f4a5a34: 83e4 f049 | ba40 7123 | 50fb 7f00 | 0041 ffd2 

  0x000002252f4a5a44: ;   {section_word}
  0x000002252f4a5a44: f449 ba45 | 5a4a 2f25 | 0200 0041 

  0x000002252f4a5a50: ;   {runtime_call DeoptimizationBlob}
  0x000002252f4a5a50: 52e9 4a12 | 3907 f4f4 
[/MachCode]


---------------  P R O C E S S  ---------------

Threads class SMR info:
_java_thread_list=0x0000022548845530, length=12, elements={
0x000002252a409950, 0x00000225433f99a0, 0x00000225433fb6f0, 0x00000225435b4840,
0x00000225435b69c0, 0x00000225435b7380, 0x00000225435ab3d0, 0x00000225434550a0,
0x00000225434559b0, 0x000002254345ae90, 0x0000022543707d10, 0x000002254372f440
}

Java Threads: ( => current thread )
=>0x000002252a409950 JavaThread "main" [_thread_in_vm, id=12776, stack(0x000000cc5da00000,0x000000cc5db00000)]
  0x00000225433f99a0 JavaThread "Reference Handler" daemon [_thread_blocked, id=9868, stack(0x000000cc5e100000,0x000000cc5e200000)]
  0x00000225433fb6f0 JavaThread "Finalizer" daemon [_thread_blocked, id=1332, stack(0x000000cc5e200000,0x000000cc5e300000)]
  0x00000225435b4840 JavaThread "Signal Dispatcher" daemon [_thread_blocked, id=5760, stack(0x000000cc5e300000,0x000000cc5e400000)]
  0x00000225435b69c0 JavaThread "Attach Listener" daemon [_thread_blocked, id=11892, stack(0x000000cc5e400000,0x000000cc5e500000)]
  0x00000225435b7380 JavaThread "Service Thread" daemon [_thread_blocked, id=2976, stack(0x000000cc5e500000,0x000000cc5e600000)]
  0x00000225435ab3d0 JavaThread "Monitor Deflation Thread" daemon [_thread_blocked, id=9280, stack(0x000000cc5e600000,0x000000cc5e700000)]
  0x00000225434550a0 JavaThread "C2 CompilerThread0" daemon [_thread_blocked, id=1796, stack(0x000000cc5e700000,0x000000cc5e800000)]
  0x00000225434559b0 JavaThread "C1 CompilerThread0" daemon [_thread_blocked, id=9008, stack(0x000000cc5e800000,0x000000cc5e900000)]
  0x000002254345ae90 JavaThread "Sweeper thread" daemon [_thread_blocked, id=12564, stack(0x000000cc5e900000,0x000000cc5ea00000)]
  0x0000022543707d10 JavaThread "Notification Thread" daemon [_thread_blocked, id=13680, stack(0x000000cc5ea00000,0x000000cc5eb00000)]
  0x000002254372f440 JavaThread "Common-Cleaner" daemon [_thread_blocked, id=14020, stack(0x000000cc5ec00000,0x000000cc5ed00000)]

Other Threads:
  0x00000225433b91e0 VMThread "VM Thread" [stack: 0x000000cc5e000000,0x000000cc5e100000] [id=4736]
  0x000002254370b620 WatcherThread [stack: 0x000000cc5eb00000,0x000000cc5ec00000] [id=7224]
  0x000002252a442c90 GCTaskThread "GC Thread#0" [stack: 0x000000cc5db00000,0x000000cc5dc00000] [id=7436]
  0x0000022548301410 GCTaskThread "GC Thread#1" [stack: 0x000000cc5ed00000,0x000000cc5ee00000] [id=4476]
  0x0000022548303ab0 GCTaskThread "GC Thread#2" [stack: 0x000000cc5ee00000,0x000000cc5ef00000] [id=7556]
  0x00000225484c3990 GCTaskThread "GC Thread#3" [stack: 0x000000cc5ef00000,0x000000cc5f000000] [id=2096]
  0x000002252a44c080 ConcurrentGCThread "G1 Main Marker" [stack: 0x000000cc5dc00000,0x000000cc5dd00000] [id=13356]
  0x000002252a44caa0 ConcurrentGCThread "G1 Conc#0" [stack: 0x000000cc5dd00000,0x000000cc5de00000] [id=9676]
  0x000002252a49cbb0 ConcurrentGCThread "G1 Refine#0" [stack: 0x000000cc5de00000,0x000000cc5df00000] [id=10116]
  0x00000225483036e0 ConcurrentGCThread "G1 Refine#1" [stack: 0x000000cc5f000000,0x000000cc5f100000] [id=13272]
  0x000002252a49d5e0 ConcurrentGCThread "G1 Service" [stack: 0x000000cc5df00000,0x000000cc5e000000] [id=10872]

Threads with active compile tasks:

VM state: not at safepoint (normal execution)

VM Mutex/Monitor currently owned by a thread:  ([mutex/lock_event])
[0x000002252a4035a0] CodeCache_lock - owner thread: 0x000002252a409950
[0x000002252a405630] Compile_lock - owner thread: 0x000002252a409950

Heap address: 0x00000000c1800000, size: 1000 MB, Compressed Oops mode: 32-bit

CDS archive(s) not mapped
Compressed class space mapped at: 0x0000000100000000-0x0000000140000000, reserved size: 1073741824
Narrow klass base: 0x0000000000000000, Narrow klass shift: 3, Narrow klass range: 0x140000000

GC Precious Log:
 CPUs: 4 total, 4 available
 Memory: 3998M
 Large Page Support: Disabled
 NUMA Support: Disabled
 Compressed Oops: Enabled (32-bit)
 Heap Region Size: 1M
 Heap Min Capacity: 8M
 Heap Initial Capacity: 64M
 Heap Max Capacity: 1000M
 Pre-touch: Disabled
 Parallel Workers: 4
 Concurrent Workers: 1
 Concurrent Refinement Workers: 4
 Periodic GC: Disabled

Heap:
 garbage-first heap   total 37888K, used 17282K [0x00000000c1800000, 0x0000000100000000)
  region size 1024K, 11 young (11264K), 3 survivors (3072K)
 Metaspace       used 25787K, committed 25984K, reserved 1114112K
  class space    used 3726K, committed 3840K, reserved 1048576K

Heap Regions: E=young(eden), S=young(survivor), O=old, HS=humongous(starts), HC=humongous(continues), CS=collection set, F=free, OA=open archive, CA=closed archive, TAMS=top-at-mark-start (previous, next)
|   0|0x00000000c1800000, 0x00000000c1900000, 0x00000000c1900000|100%|HS|  |TAMS 0x00000000c1900000, 0x00000000c1800000| Complete 
|   1|0x00000000c1900000, 0x00000000c1a00000, 0x00000000c1a00000|100%| O|  |TAMS 0x00000000c1a00000, 0x00000000c1900000| Untracked 
|   2|0x00000000c1a00000, 0x00000000c1b00000, 0x00000000c1b00000|100%| O|  |TAMS 0x00000000c1b00000, 0x00000000c1a00000| Untracked 
|   3|0x00000000c1b00000, 0x00000000c1c00000, 0x00000000c1c00000|100%| O|  |TAMS 0x00000000c1c00000, 0x00000000c1b00000| Untracked 
|   4|0x00000000c1c00000, 0x00000000c1d00000, 0x00000000c1d00000|100%| O|  |TAMS 0x00000000c1d00000, 0x00000000c1c00000| Untracked 
|   5|0x00000000c1d00000, 0x00000000c1df5400, 0x00000000c1e00000| 95%| O|  |TAMS 0x00000000c1df5400, 0x00000000c1d00000| Untracked 
|   6|0x00000000c1e00000, 0x00000000c1f00000, 0x00000000c1f00000|100%|HS|  |TAMS 0x00000000c1f00000, 0x00000000c1e00000| Complete 
|   7|0x00000000c1f00000, 0x00000000c1f4b600, 0x00000000c2000000| 29%| O|  |TAMS 0x00000000c1f00000, 0x00000000c1f00000| Untracked 
|   8|0x00000000c2000000, 0x00000000c2000000, 0x00000000c2100000|  0%| F|  |TAMS 0x00000000c2000000, 0x00000000c2000000| Untracked 
|   9|0x00000000c2100000, 0x00000000c2100000, 0x00000000c2200000|  0%| F|  |TAMS 0x00000000c2100000, 0x00000000c2100000| Untracked 
|  10|0x00000000c2200000, 0x00000000c2200000, 0x00000000c2300000|  0%| F|  |TAMS 0x00000000c2200000, 0x00000000c2200000| Untracked 
|  11|0x00000000c2300000, 0x00000000c2300000, 0x00000000c2400000|  0%| F|  |TAMS 0x00000000c2300000, 0x00000000c2300000| Untracked 
|  12|0x00000000c2400000, 0x00000000c249fe40, 0x00000000c2500000| 62%| S|CS|TAMS 0x00000000c2400000, 0x00000000c2400000| Complete 
|  13|0x00000000c2500000, 0x00000000c2600000, 0x00000000c2600000|100%| S|CS|TAMS 0x00000000c2500000, 0x00000000c2500000| Complete 
|  14|0x00000000c2600000, 0x00000000c2700000, 0x00000000c2700000|100%| S|CS|TAMS 0x00000000c2600000, 0x00000000c2600000| Complete 
|  15|0x00000000c2700000, 0x00000000c2700000, 0x00000000c2800000|  0%| F|  |TAMS 0x00000000c2700000, 0x00000000c2700000| Untracked 
|  16|0x00000000c2800000, 0x00000000c2800000, 0x00000000c2900000|  0%| F|  |TAMS 0x00000000c2800000, 0x00000000c2800000| Untracked 
|  17|0x00000000c2900000, 0x00000000c2900000, 0x00000000c2a00000|  0%| F|  |TAMS 0x00000000c2900000, 0x00000000c2900000| Untracked 
|  18|0x00000000c2a00000, 0x00000000c2a00000, 0x00000000c2b00000|  0%| F|  |TAMS 0x00000000c2a00000, 0x00000000c2a00000| Untracked 
|  19|0x00000000c2b00000, 0x00000000c2b00000, 0x00000000c2c00000|  0%| F|  |TAMS 0x00000000c2b00000, 0x00000000c2b00000| Untracked 
|  20|0x00000000c2c00000, 0x00000000c2c00000, 0x00000000c2d00000|  0%| F|  |TAMS 0x00000000c2c00000, 0x00000000c2c00000| Untracked 
|  21|0x00000000c2d00000, 0x00000000c2d00000, 0x00000000c2e00000|  0%| F|  |TAMS 0x00000000c2d00000, 0x00000000c2d00000| Untracked 
|  22|0x00000000c2e00000, 0x00000000c2e00000, 0x00000000c2f00000|  0%| F|  |TAMS 0x00000000c2e00000, 0x00000000c2e00000| Untracked 
|  23|0x00000000c2f00000, 0x00000000c2f00000, 0x00000000c3000000|  0%| F|  |TAMS 0x00000000c2f00000, 0x00000000c2f00000| Untracked 
|  24|0x00000000c3000000, 0x00000000c3000000, 0x00000000c3100000|  0%| F|  |TAMS 0x00000000c3000000, 0x00000000c3000000| Untracked 
|  25|0x00000000c3100000, 0x00000000c3100000, 0x00000000c3200000|  0%| F|  |TAMS 0x00000000c3100000, 0x00000000c3100000| Untracked 
|  26|0x00000000c3200000, 0x00000000c3200000, 0x00000000c3300000|  0%| F|  |TAMS 0x00000000c3200000, 0x00000000c3200000| Untracked 
|  27|0x00000000c3300000, 0x00000000c3300000, 0x00000000c3400000|  0%| F|  |TAMS 0x00000000c3300000, 0x00000000c3300000| Untracked 
|  28|0x00000000c3400000, 0x00000000c3400000, 0x00000000c3500000|  0%| F|  |TAMS 0x00000000c3400000, 0x00000000c3400000| Untracked 
|  29|0x00000000c3500000, 0x00000000c3598cc8, 0x00000000c3600000| 59%| E|  |TAMS 0x00000000c3500000, 0x00000000c3500000| Complete 
|  30|0x00000000c3600000, 0x00000000c3700000, 0x00000000c3700000|100%| E|CS|TAMS 0x00000000c3600000, 0x00000000c3600000| Complete 
|  31|0x00000000c3700000, 0x00000000c3800000, 0x00000000c3800000|100%| E|CS|TAMS 0x00000000c3700000, 0x00000000c3700000| Complete 
|  32|0x00000000c3800000, 0x00000000c3900000, 0x00000000c3900000|100%| E|CS|TAMS 0x00000000c3800000, 0x00000000c3800000| Complete 
|  49|0x00000000c4900000, 0x00000000c4a00000, 0x00000000c4a00000|100%| E|CS|TAMS 0x00000000c4900000, 0x00000000c4900000| Complete 
|  50|0x00000000c4a00000, 0x00000000c4b00000, 0x00000000c4b00000|100%| E|CS|TAMS 0x00000000c4a00000, 0x00000000c4a00000| Complete 
|  51|0x00000000c4b00000, 0x00000000c4c00000, 0x00000000c4c00000|100%| E|CS|TAMS 0x00000000c4b00000, 0x00000000c4b00000| Complete 
|  63|0x00000000c5700000, 0x00000000c5800000, 0x00000000c5800000|100%| E|CS|TAMS 0x00000000c5700000, 0x00000000c5700000| Complete 

Card table byte_map: [0x000002253eae0000,0x000002253ece0000] _byte_map_base: 0x000002253e4d4000

Marking Bits (Prev, Next): (CMBitMap*) 0x000002252a4432f0, (CMBitMap*) 0x000002252a4432b0
 Prev Bits: [0x000002253fe80000, 0x0000022540e20000)
 Next Bits: [0x000002253eee0000, 0x000002253fe80000)

Polling page: 0x000002252a4c0000

Metaspace:

Usage:
  Non-class:     21.54 MB used.
      Class:      3.64 MB used.
       Both:     25.18 MB used.

Virtual space:
  Non-class space:       64.00 MB reserved,      21.62 MB ( 34%) committed,  1 nodes.
      Class space:        1.00 GB reserved,       3.75 MB ( <1%) committed,  1 nodes.
             Both:        1.06 GB reserved,      25.38 MB (  2%) committed. 

Chunk freelists:
   Non-Class:  10.38 MB
       Class:  12.20 MB
        Both:  22.58 MB

MaxMetaspaceSize: unlimited
CompressedClassSpaceSize: 1.00 GB
Initial GC threshold: 21.00 MB
Current GC threshold: 35.12 MB
CDS: off
MetaspaceReclaimPolicy: balanced
 - commit_granule_bytes: 65536.
 - commit_granule_words: 8192.
 - virtual_space_node_default_size: 8388608.
 - enlarge_chunks_in_place: 1.
 - new_chunks_are_fully_committed: 0.
 - uncommit_free_chunks: 1.
 - use_allocation_guard: 0.
 - handle_deallocations: 1.


Internal statistics:

num_allocs_failed_limit: 3.
num_arena_births: 84.
num_arena_deaths: 0.
num_vsnodes_births: 2.
num_vsnodes_deaths: 0.
num_space_committed: 406.
num_space_uncommitted: 0.
num_chunks_returned_to_freelist: 3.
num_chunks_taken_from_freelist: 627.
num_chunk_merges: 3.
num_chunk_splits: 518.
num_chunks_enlarged: 470.
num_inconsistent_stats: 0.

CodeHeap 'non-profiled nmethods': size=120000Kb used=817Kb max_used=817Kb free=119182Kb
 bounds [0x0000022536d80000, 0x0000022536ff0000, 0x000002253e2b0000]
CodeHeap 'profiled nmethods': size=120000Kb used=2677Kb max_used=2677Kb free=117322Kb
 bounds [0x000002252f2b0000, 0x000002252f550000, 0x00000225367e0000]
CodeHeap 'non-nmethods': size=5760Kb used=1150Kb max_used=1208Kb free=4609Kb
 bounds [0x00000225367e0000, 0x0000022536a50000, 0x0000022536d80000]
 total_blobs=2014 nmethods=1575 adapters=352
 compilation: enabled
              stopped_count=0, restarted_count=0
 full_count=0

Compilation events (20 events):
Event: 7.984 Thread 0x00000225434559b0 nmethod 1566 0x000002252f54a610 code [0x000002252f54a7e0, 0x000002252f54ab88]
Event: 7.984 Thread 0x00000225434559b0 1567       3       java.util.regex.Pattern$Branch::match (66 bytes)
Event: 7.985 Thread 0x00000225434559b0 nmethod 1567 0x000002252f54ad90 code [0x000002252f54af60, 0x000002252f54b418]
Event: 7.985 Thread 0x00000225434559b0 1568       3       java.util.Arrays::copyOf (10 bytes)
Event: 7.985 Thread 0x00000225434559b0 nmethod 1568 0x000002252f54b610 code [0x000002252f54b7c0, 0x000002252f54b908]
Event: 7.986 Thread 0x00000225434559b0 1569       3       java.lang.ModuleLayer::boot (4 bytes)
Event: 7.987 Thread 0x00000225434559b0 nmethod 1569 0x000002252f54ba10 code [0x000002252f54bba0, 0x000002252f54bc98]
Event: 7.987 Thread 0x00000225434559b0 1571       3       java.lang.StackTraceElement::<init> (10 bytes)
Event: 7.987 Thread 0x00000225434559b0 nmethod 1571 0x000002252f54bd10 code [0x000002252f54bea0, 0x000002252f54c018]
Event: 7.987 Thread 0x00000225434559b0 1572  s!   3       java.lang.StackTraceElement::computeFormat (71 bytes)
Event: 7.988 Thread 0x00000225434559b0 nmethod 1572 0x000002252f54c110 code [0x000002252f54c320, 0x000002252f54cb98]
Event: 7.988 Thread 0x00000225434559b0 1573       3       java.lang.StackTraceElement::isHashedInJavaBase (31 bytes)
Event: 7.989 Thread 0x00000225434559b0 nmethod 1573 0x000002252f54ce10 code [0x000002252f54d000, 0x000002252f54d4f8]
Event: 7.989 Thread 0x00000225434559b0 1574       1       java.lang.Module::getName (5 bytes)
Event: 7.989 Thread 0x00000225434559b0 nmethod 1574 0x0000022536e4ab10 code [0x0000022536e4aca0, 0x0000022536e4ad78]
Event: 7.998 Thread 0x00000225434550a0 nmethod 1565 0x0000022536e4ae10 code [0x0000022536e4afc0, 0x0000022536e4b7b8]
Event: 7.998 Thread 0x00000225434550a0 1575       4       java.util.Objects::equals (23 bytes)
Event: 7.999 Thread 0x00000225434550a0 nmethod 1575 0x0000022536e4bc10 code [0x0000022536e4bd80, 0x0000022536e4be18]
Event: 7.999 Thread 0x00000225434550a0 1570       4       java.util.HashMap::containsKey (14 bytes)
Event: 8.004 Thread 0x00000225434550a0 nmethod 1570 0x0000022536e4bf10 code [0x0000022536e4c0a0, 0x0000022536e4c338]

GC Heap History (10 events):
Event: 1.439 GC heap before
{Heap before GC invocations=0 (full 0):
 garbage-first heap   total 65536K, used 13312K [0x00000000c1800000, 0x0000000100000000)
  region size 1024K, 13 young (13312K), 0 survivors (0K)
 Metaspace       used 11954K, committed 12160K, reserved 1114112K
  class space    used 1167K, committed 1280K, reserved 1048576K
}
Event: 1.450 GC heap after
{Heap after GC invocations=1 (full 0):
 garbage-first heap   total 65536K, used 5483K [0x00000000c1800000, 0x0000000100000000)
  region size 1024K, 2 young (2048K), 2 survivors (2048K)
 Metaspace       used 11954K, committed 12160K, reserved 1114112K
  class space    used 1167K, committed 1280K, reserved 1048576K
}
Event: 2.635 GC heap before
{Heap before GC invocations=1 (full 0):
 garbage-first heap   total 65536K, used 14699K [0x00000000c1800000, 0x0000000100000000)
  region size 1024K, 12 young (12288K), 2 survivors (2048K)
 Metaspace       used 14047K, committed 14208K, reserved 1114112K
  class space    used 1485K, committed 1536K, reserved 1048576K
}
Event: 2.652 GC heap after
{Heap after GC invocations=2 (full 0):
 garbage-first heap   total 65536K, used 7596K [0x00000000c1800000, 0x0000000100000000)
  region size 1024K, 2 young (2048K), 2 survivors (2048K)
 Metaspace       used 14047K, committed 14208K, reserved 1114112K
  class space    used 1485K, committed 1536K, reserved 1048576K
}
Event: 5.272 GC heap before
{Heap before GC invocations=2 (full 0):
 garbage-first heap   total 65536K, used 31148K [0x00000000c1800000, 0x0000000100000000)
  region size 1024K, 25 young (25600K), 2 survivors (2048K)
 Metaspace       used 19247K, committed 19392K, reserved 1114112K
  class space    used 2428K, committed 2496K, reserved 1048576K
}
Event: 5.284 GC heap after
{Heap after GC invocations=3 (full 0):
 garbage-first heap   total 65536K, used 8502K [0x00000000c1800000, 0x0000000100000000)
  region size 1024K, 3 young (3072K), 3 survivors (3072K)
 Metaspace       used 19247K, committed 19392K, reserved 1114112K
  class space    used 2428K, committed 2496K, reserved 1048576K
}
Event: 6.206 GC heap before
{Heap before GC invocations=3 (full 0):
 garbage-first heap   total 65536K, used 20790K [0x00000000c1800000, 0x0000000100000000)
  region size 1024K, 15 young (15360K), 3 survivors (3072K)
 Metaspace       used 21386K, committed 21504K, reserved 1114112K
  class space    used 2830K, committed 2880K, reserved 1048576K
}
Event: 6.210 GC heap after
{Heap after GC invocations=4 (full 0):
 garbage-first heap   total 65536K, used 10128K [0x00000000c1800000, 0x0000000100000000)
  region size 1024K, 3 young (3072K), 3 survivors (3072K)
 Metaspace       used 21386K, committed 21504K, reserved 1114112K
  class space    used 2830K, committed 2880K, reserved 1048576K
}
Event: 7.819 GC heap before
{Heap before GC invocations=5 (full 0):
 garbage-first heap   total 37888K, used 28560K [0x00000000c1800000, 0x0000000100000000)
  region size 1024K, 22 young (22528K), 3 survivors (3072K)
 Metaspace       used 24477K, committed 24640K, reserved 1114112K
  class space    used 3486K, committed 3520K, reserved 1048576K
}
Event: 7.824 GC heap after
{Heap after GC invocations=6 (full 0):
 garbage-first heap   total 37888K, used 10114K [0x00000000c1800000, 0x0000000100000000)
  region size 1024K, 3 young (3072K), 3 survivors (3072K)
 Metaspace       used 24477K, committed 24640K, reserved 1114112K
  class space    used 3486K, committed 3520K, reserved 1048576K
}

Dll operation events (5 events):
Event: 0.011 Loaded shared library C:\Users\SwapnilAlaskar\.p2\pool\plugins\org.eclipse.justj.openjdk.hotspot.jre.full.win32.x86_64_17.0.13.v20241023-1126\jre\bin\java.dll
Event: 0.245 Loaded shared library C:\Users\SwapnilAlaskar\.p2\pool\plugins\org.eclipse.justj.openjdk.hotspot.jre.full.win32.x86_64_17.0.13.v20241023-1126\jre\bin\net.dll
Event: 0.247 Loaded shared library C:\Users\SwapnilAlaskar\.p2\pool\plugins\org.eclipse.justj.openjdk.hotspot.jre.full.win32.x86_64_17.0.13.v20241023-1126\jre\bin\nio.dll
Event: 0.256 Loaded shared library C:\Users\SwapnilAlaskar\.p2\pool\plugins\org.eclipse.justj.openjdk.hotspot.jre.full.win32.x86_64_17.0.13.v20241023-1126\jre\bin\zip.dll
Event: 0.464 Loaded shared library C:\Users\SwapnilAlaskar\.p2\pool\plugins\org.eclipse.justj.openjdk.hotspot.jre.full.win32.x86_64_17.0.13.v20241023-1126\jre\bin\jimage.dll

Deoptimization events (20 events):
Event: 5.892 Thread 0x000002252a409950 DEOPT PACKING pc=0x000002252f53c8b8 sp=0x000000cc5dafddb0
Event: 5.892 Thread 0x000002252a409950 DEOPT UNPACKING pc=0x0000022536837143 sp=0x000000cc5dafd228 mode 0
Event: 5.892 Thread 0x000002252a409950 DEOPT PACKING pc=0x000002252f53c8b8 sp=0x000000cc5dafddb0
Event: 5.892 Thread 0x000002252a409950 DEOPT UNPACKING pc=0x0000022536837143 sp=0x000000cc5dafd228 mode 0
Event: 5.892 Thread 0x000002252a409950 DEOPT PACKING pc=0x000002252f53c8b8 sp=0x000000cc5dafddb0
Event: 5.892 Thread 0x000002252a409950 DEOPT UNPACKING pc=0x0000022536837143 sp=0x000000cc5dafd228 mode 0
Event: 5.893 Thread 0x000002252a409950 DEOPT PACKING pc=0x000002252f53c8b8 sp=0x000000cc5dafddb0
Event: 5.893 Thread 0x000002252a409950 DEOPT UNPACKING pc=0x0000022536837143 sp=0x000000cc5dafd228 mode 0
Event: 5.893 Thread 0x000002252a409950 DEOPT PACKING pc=0x000002252f53c8b8 sp=0x000000cc5dafddb0
Event: 5.893 Thread 0x000002252a409950 DEOPT UNPACKING pc=0x0000022536837143 sp=0x000000cc5dafd228 mode 0
Event: 5.893 Thread 0x000002252a409950 DEOPT PACKING pc=0x000002252f53c8b8 sp=0x000000cc5dafddb0
Event: 5.893 Thread 0x000002252a409950 DEOPT UNPACKING pc=0x0000022536837143 sp=0x000000cc5dafd228 mode 0
Event: 5.893 Thread 0x000002252a409950 DEOPT PACKING pc=0x000002252f53c8b8 sp=0x000000cc5dafddb0
Event: 5.893 Thread 0x000002252a409950 DEOPT UNPACKING pc=0x0000022536837143 sp=0x000000cc5dafd228 mode 0
Event: 5.894 Thread 0x000002252a409950 DEOPT PACKING pc=0x000002252f53c8b8 sp=0x000000cc5dafddb0
Event: 5.894 Thread 0x000002252a409950 DEOPT UNPACKING pc=0x0000022536837143 sp=0x000000cc5dafd228 mode 0
Event: 5.894 Thread 0x000002252a409950 DEOPT PACKING pc=0x000002252f53c8b8 sp=0x000000cc5dafddb0
Event: 5.894 Thread 0x000002252a409950 DEOPT UNPACKING pc=0x0000022536837143 sp=0x000000cc5dafd228 mode 0
Event: 5.894 Thread 0x000002252a409950 DEOPT PACKING pc=0x000002252f53c8b8 sp=0x000000cc5dafddb0
Event: 5.894 Thread 0x000002252a409950 DEOPT UNPACKING pc=0x0000022536837143 sp=0x000000cc5dafd228 mode 0

Classes loaded (20 events):
Event: 5.528 Loading class java/util/AbstractMap$SimpleImmutableEntry
Event: 5.528 Loading class java/util/AbstractMap$SimpleImmutableEntry done
Event: 5.748 Loading class java/util/function/BiPredicate
Event: 5.749 Loading class java/util/function/BiPredicate done
Event: 5.819 Loading class java/time/chrono/IsoChronology
Event: 5.819 Loading class java/time/chrono/AbstractChronology
Event: 5.820 Loading class java/time/chrono/Chronology
Event: 5.820 Loading class java/time/chrono/Chronology done
Event: 5.821 Loading class java/time/chrono/AbstractChronology done
Event: 5.821 Loading class java/time/chrono/IsoChronology done
Event: 7.956 Loading class java/lang/instrument/ClassFileTransformer
Event: 7.956 Loading class java/lang/instrument/ClassFileTransformer done
Event: 7.982 Loading class java/lang/StackTraceElement$HashedModules
Event: 7.982 Loading class java/lang/StackTraceElement$HashedModules done
Event: 7.982 Loading class java/lang/Throwable$WrappedPrintWriter
Event: 7.983 Loading class java/lang/Throwable$PrintStreamOrWriter
Event: 7.983 Loading class java/lang/Throwable$PrintStreamOrWriter done
Event: 7.983 Loading class java/lang/Throwable$WrappedPrintWriter done
Event: 7.985 Loading class java/io/InterruptedIOException
Event: 7.985 Loading class java/io/InterruptedIOException done

Classes unloaded (0 events):
No events

Classes redefined (0 events):
No events

Internal exceptions (20 events):
Event: 0.780 Thread 0x000002252a409950 Exception <a 'java/lang/NoSuchMethodError'{0x00000000c51adcf8}: 'java.lang.Object java.lang.invoke.DirectMethodHandle$Holder.invokeStaticInit(java.lang.Object)'> (0x00000000c51adcf8) 
thrown [s\src\hotspot\share\interpreter\linkResolver.cpp, line 759]
Event: 0.940 Thread 0x000002252a409950 Exception <a 'java/lang/NoSuchMethodError'{0x00000000c4f44e08}: 'void java.lang.invoke.DirectMethodHandle$Holder.invokeSpecial(java.lang.Object, java.lang.Object, java.lang.Object)'> (0x00000000c4f44e08) 
thrown [s\src\hotspot\share\interpreter\linkResolver.cpp, line 759]
Event: 1.014 Thread 0x000002252a409950 Exception <a 'java/lang/NoSuchMethodError'{0x00000000c4e25298}: 'java.lang.Object java.lang.invoke.DirectMethodHandle$Holder.newInvokeSpecial(java.lang.Object, java.lang.Object, java.lang.Object, java.lang.Object, java.lang.Object, java.lang.Object)'> (0x00000000c4e25298) 
thrown [s\src\hotspot\share\interpreter\linkResolver.cpp, line 759]
Event: 1.019 Thread 0x000002252a409950 Exception <a 'java/lang/NoSuchMethodError'{0x00000000c4e369c0}: 'void java.lang.invoke.DirectMethodHandle$Holder.invokeStaticInit(java.lang.Object)'> (0x00000000c4e369c0) 
thrown [s\src\hotspot\share\interpreter\linkResolver.cpp, line 759]
Event: 1.030 Thread 0x000002252a409950 Exception <a 'java/lang/NoSuchMethodError'{0x00000000c4e4dc30}: 'java.lang.Object java.lang.invoke.DirectMethodHandle$Holder.newInvokeSpecial(java.lang.Object, java.lang.Object, java.lang.Object, java.lang.Object, java.lang.Object, java.lang.Object, java.lang.Object)'> (0x00000000c4e4dc30) 
thrown [s\src\hotspot\share\interpreter\linkResolver.cpp, line 759]
Event: 1.031 Thread 0x000002252a409950 Exception <a 'java/lang/NoSuchMethodError'{0x00000000c4e52460}: 'java.lang.Object java.lang.invoke.Invokers$Holder.linkToTargetMethod(java.lang.Object, java.lang.Object, java.lang.Object, java.lang.Object, java.lang.Object, java.lang.Object, java.lang.Object)'> (0x00000000c4e52460) 
thrown [s\src\hotspot\share\interpreter\linkResolver.cpp, line 759]
Event: 1.035 Thread 0x000002252a409950 Exception <a 'java/lang/NoSuchMethodError'{0x00000000c4e599c0}: 'java.lang.Object java.lang.invoke.DirectMethodHandle$Holder.invokeSpecialIFC(java.lang.Object, java.lang.Object, java.lang.Object, java.lang.Object, java.lang.Object)'> (0x00000000c4e599c0) 
thrown [s\src\hotspot\share\interpreter\linkResolver.cpp, line 759]
Event: 1.246 Thread 0x000002252a409950 Exception <a 'java/lang/NoSuchMethodError'{0x00000000c4cbf4d0}: 'java.lang.Object java.lang.invoke.DirectMethodHandle$Holder.invokeStaticInit(java.lang.Object, int, int, int, int)'> (0x00000000c4cbf4d0) 
thrown [s\src\hotspot\share\interpreter\linkResolver.cpp, line 759]
Event: 1.356 Thread 0x000002252a409950 Exception <a 'java/lang/NoSuchMethodError'{0x00000000c4b18a70}: 'java.lang.Object java.lang.invoke.DirectMethodHandle$Holder.invokeStaticInit(java.lang.Object, java.lang.Object, int, int, int, int)'> (0x00000000c4b18a70) 
thrown [s\src\hotspot\share\interpreter\linkResolver.cpp, line 759]
Event: 1.430 Thread 0x000002252a409950 Exception <a 'java/lang/NoSuchMethodError'{0x00000000c4be0250}: 'int java.lang.invoke.DirectMethodHandle$Holder.invokeSpecial(java.lang.Object, java.lang.Object, java.lang.Object)'> (0x00000000c4be0250) 
thrown [s\src\hotspot\share\interpreter\linkResolver.cpp, line 759]
Event: 1.502 Thread 0x000002252a409950 Exception <a 'java/lang/NoSuchMethodError'{0x00000000c57f1620}: 'int java.lang.invoke.DirectMethodHandle$Holder.invokeVirtual(java.lang.Object, java.lang.Object)'> (0x00000000c57f1620) 
thrown [s\src\hotspot\share\interpreter\linkResolver.cpp, line 759]
Event: 1.519 Thread 0x000002252a409950 Exception <a 'java/lang/IncompatibleClassChangeError'{0x00000000c5627758}: Found class java.lang.Object, but interface was expected> (0x00000000c5627758) 
thrown [s\src\hotspot\share\interpreter\linkResolver.cpp, line 826]
Event: 1.528 Thread 0x000002252a409950 Exception <a 'java/lang/NoSuchMethodError'{0x00000000c56424d8}: 'java.lang.Object java.lang.invoke.DirectMethodHandle$Holder.newInvokeSpecial(java.lang.Object, java.lang.Object, java.lang.Object, java.lang.Object, java.lang.Object)'> (0x00000000c56424d8) 
thrown [s\src\hotspot\share\interpreter\linkResolver.cpp, line 759]
Event: 1.530 Thread 0x000002252a409950 Exception <a 'sun/nio/fs/WindowsException'{0x00000000c566ae68}> (0x00000000c566ae68) 
thrown [s\src\hotspot\share\prims\jni.cpp, line 516]
Event: 1.537 Thread 0x000002252a409950 Exception <a 'sun/nio/fs/WindowsException'{0x00000000c5678920}> (0x00000000c5678920) 
thrown [s\src\hotspot\share\prims\jni.cpp, line 516]
Event: 5.813 Thread 0x000002252a409950 Implicit null exception at 0x0000022536ddaa0c to 0x0000022536ddab2a
Event: 7.980 Thread 0x000002252a409950 Exception <a 'java/lang/NoClassDefFoundError'{0x00000000c37f5048}: com/sun/jna/FunctionMapper> (0x00000000c37f5048) 
thrown [s\src\hotspot\share\classfile\systemDictionary.cpp, line 245]
Event: 7.985 Thread 0x000002252a409950 Exception <a 'java/io/IOException'{0x00000000c361a2d0}> (0x00000000c361a2d0) 
thrown [s\src\hotspot\share\prims\jni.cpp, line 516]
Event: 7.986 Thread 0x000002252a409950 Exception <a 'java/lang/NoClassDefFoundError'{0x00000000c36224f8}: com/sun/jna/Library> (0x00000000c36224f8) 
thrown [s\src\hotspot\share\classfile\systemDictionary.cpp, line 245]
Event: 7.989 Thread 0x000002252a409950 Exception <a 'java/io/IOException'{0x00000000c3642370}> (0x00000000c3642370) 
thrown [s\src\hotspot\share\prims\jni.cpp, line 516]

VM Operations (20 events):
Event: 2.095 Executing VM operation: HandshakeAllThreads
Event: 2.095 Executing VM operation: HandshakeAllThreads done
Event: 2.635 Executing VM operation: G1CollectForAllocation
Event: 2.652 Executing VM operation: G1CollectForAllocation done
Event: 3.193 Executing VM operation: HandshakeAllThreads
Event: 3.193 Executing VM operation: HandshakeAllThreads done
Event: 4.193 Executing VM operation: Cleanup
Event: 4.193 Executing VM operation: Cleanup done
Event: 5.208 Executing VM operation: Cleanup
Event: 5.208 Executing VM operation: Cleanup done
Event: 5.272 Executing VM operation: G1CollectForAllocation
Event: 5.284 Executing VM operation: G1CollectForAllocation done
Event: 6.206 Executing VM operation: CollectForMetadataAllocation
Event: 6.210 Executing VM operation: CollectForMetadataAllocation done
Event: 6.219 Executing VM operation: G1PauseRemark
Event: 6.221 Executing VM operation: G1PauseRemark done
Event: 6.225 Executing VM operation: G1PauseCleanup
Event: 6.225 Executing VM operation: G1PauseCleanup done
Event: 7.819 Executing VM operation: G1CollectForAllocation
Event: 7.824 Executing VM operation: G1CollectForAllocation done

Memory protections (0 events):
No events

Nmethod flushes (0 events):
No events

Events (18 events):
Event: 0.051 Thread 0x000002252a409950 Thread added: 0x000002252a409950
Event: 0.066 Thread 0x000002252a409950 Thread added: 0x00000225433f99a0
Event: 0.066 Thread 0x000002252a409950 Thread added: 0x00000225433fb6f0
Event: 0.092 Thread 0x000002252a409950 Thread added: 0x00000225435b4840
Event: 0.092 Thread 0x000002252a409950 Thread added: 0x00000225435b69c0
Event: 0.092 Thread 0x000002252a409950 Thread added: 0x00000225435b7380
Event: 0.092 Thread 0x000002252a409950 Thread added: 0x00000225435ab3d0
Event: 0.092 Thread 0x000002252a409950 Thread added: 0x00000225434550a0
Event: 0.093 Thread 0x000002252a409950 Thread added: 0x00000225434559b0
Event: 0.093 Thread 0x000002252a409950 Thread added: 0x000002254345ae90
Event: 0.204 Thread 0x000002252a409950 Thread added: 0x0000022543707d10
Event: 0.233 Thread 0x000002252a409950 Thread added: 0x000002254372f440
Event: 0.347 Thread 0x00000225434559b0 Thread added: 0x0000022543873ed0
Event: 0.663 Thread 0x0000022543873ed0 Thread exited: 0x0000022543873ed0
Event: 1.618 Thread 0x00000225434559b0 Thread added: 0x0000022548899ac0
Event: 1.804 Thread 0x0000022548899ac0 Thread exited: 0x0000022548899ac0
Event: 5.833 Thread 0x00000225434559b0 Thread added: 0x0000022548c91070
Event: 6.092 Thread 0x0000022548c91070 Thread exited: 0x0000022548c91070


Dynamic libraries:
0x00007ff735f60000 - 0x00007ff735f6e000 	C:\Users\SwapnilAlaskar\.p2\pool\plugins\org.eclipse.justj.openjdk.hotspot.jre.full.win32.x86_64_17.0.13.v20241023-1126\jre\bin\javaw.exe
0x00007ffb954d0000 - 0x00007ffb956c8000 	C:\Windows\SYSTEM32\ntdll.dll
0x00007ffb94130000 - 0x00007ffb941f2000 	C:\Windows\System32\KERNEL32.DLL
0x00007ffb92ee0000 - 0x00007ffb931de000 	C:\Windows\System32\KERNELBASE.dll
0x00007ffb93260000 - 0x00007ffb93360000 	C:\Windows\System32\ucrtbase.dll
0x00007ffb8d6c0000 - 0x00007ffb8d6d7000 	C:\Users\SwapnilAlaskar\.p2\pool\plugins\org.eclipse.justj.openjdk.hotspot.jre.full.win32.x86_64_17.0.13.v20241023-1126\jre\bin\jli.dll
0x00007ffb93b20000 - 0x00007ffb93cbd000 	C:\Windows\System32\USER32.dll
0x00007ffb92b70000 - 0x00007ffb92b92000 	C:\Windows\System32\win32u.dll
0x00007ffb93860000 - 0x00007ffb9388b000 	C:\Windows\System32\GDI32.dll
0x00007ffb8b880000 - 0x00007ffb8b89e000 	C:\Users\SwapnilAlaskar\.p2\pool\plugins\org.eclipse.justj.openjdk.hotspot.jre.full.win32.x86_64_17.0.13.v20241023-1126\jre\bin\VCRUNTIME140.dll
0x00007ffb933d0000 - 0x00007ffb934e7000 	C:\Windows\System32\gdi32full.dll
0x00007ffb92ba0000 - 0x00007ffb92c3d000 	C:\Windows\System32\msvcp_win.dll
0x00007ffb862e0000 - 0x00007ffb8657a000 	C:\Windows\WinSxS\amd64_microsoft.windows.common-controls_6595b64144ccf1df_6.0.19041.4355_none_60b8b9eb71f62e16\COMCTL32.dll
0x00007ffb94e50000 - 0x00007ffb94eee000 	C:\Windows\System32\msvcrt.dll
0x00007ffb93af0000 - 0x00007ffb93b1f000 	C:\Windows\System32\IMM32.DLL
0x00007ffb8d940000 - 0x00007ffb8d94c000 	C:\Users\SwapnilAlaskar\.p2\pool\plugins\org.eclipse.justj.openjdk.hotspot.jre.full.win32.x86_64_17.0.13.v20241023-1126\jre\bin\vcruntime140_1.dll
0x00007ffb7a200000 - 0x00007ffb7a28d000 	C:\Users\SwapnilAlaskar\.p2\pool\plugins\org.eclipse.justj.openjdk.hotspot.jre.full.win32.x86_64_17.0.13.v20241023-1126\jre\bin\msvcp140.dll
0x00007ffb4fc80000 - 0x00007ffb508eb000 	C:\Users\SwapnilAlaskar\.p2\pool\plugins\org.eclipse.justj.openjdk.hotspot.jre.full.win32.x86_64_17.0.13.v20241023-1126\jre\bin\server\jvm.dll
0x00007ffb94b00000 - 0x00007ffb94bb1000 	C:\Windows\System32\ADVAPI32.dll
0x00007ffb94bc0000 - 0x00007ffb94c5f000 	C:\Windows\System32\sechost.dll
0x00007ffb93730000 - 0x00007ffb93853000 	C:\Windows\System32\RPCRT4.dll
0x00007ffb931e0000 - 0x00007ffb93207000 	C:\Windows\System32\bcrypt.dll
0x00007ffb94a30000 - 0x00007ffb94a9b000 	C:\Windows\System32\WS2_32.dll
0x00007ffb92570000 - 0x00007ffb925bb000 	C:\Windows\SYSTEM32\POWRPROF.dll
0x00007ffb92500000 - 0x00007ffb92527000 	C:\Windows\SYSTEM32\WINMM.dll
0x00007ffb8f660000 - 0x00007ffb8f66a000 	C:\Windows\SYSTEM32\VERSION.dll
0x00007ffb922c0000 - 0x00007ffb922d2000 	C:\Windows\SYSTEM32\UMPDC.dll
0x00007ffb90cd0000 - 0x00007ffb90ce2000 	C:\Windows\SYSTEM32\kernel.appcore.dll
0x00007ffb8b960000 - 0x00007ffb8b96a000 	C:\Users\SwapnilAlaskar\.p2\pool\plugins\org.eclipse.justj.openjdk.hotspot.jre.full.win32.x86_64_17.0.13.v20241023-1126\jre\bin\jimage.dll
0x00007ffb925c0000 - 0x00007ffb927a4000 	C:\Windows\SYSTEM32\DBGHELP.DLL
0x00007ffb924b0000 - 0x00007ffb924e4000 	C:\Windows\SYSTEM32\dbgcore.DLL
0x00007ffb92e50000 - 0x00007ffb92ed2000 	C:\Windows\System32\bcryptPrimitives.dll
0x00007ffb826f0000 - 0x00007ffb82715000 	C:\Users\SwapnilAlaskar\.p2\pool\plugins\org.eclipse.justj.openjdk.hotspot.jre.full.win32.x86_64_17.0.13.v20241023-1126\jre\bin\java.dll
0x00007ffb86b80000 - 0x00007ffb86b98000 	C:\Users\SwapnilAlaskar\.p2\pool\plugins\org.eclipse.justj.openjdk.hotspot.jre.full.win32.x86_64_17.0.13.v20241023-1126\jre\bin\zip.dll
0x00007ffb94210000 - 0x00007ffb9497d000 	C:\Windows\System32\SHELL32.dll
0x00007ffb90510000 - 0x00007ffb90cb4000 	C:\Windows\SYSTEM32\windows.storage.dll
0x00007ffb94f00000 - 0x00007ffb95253000 	C:\Windows\System32\combase.dll
0x00007ffb91e90000 - 0x00007ffb91ebe000 	C:\Windows\SYSTEM32\Wldp.dll
0x00007ffb934f0000 - 0x00007ffb935bd000 	C:\Windows\System32\OLEAUT32.dll
0x00007ffb94980000 - 0x00007ffb94a2d000 	C:\Windows\System32\SHCORE.dll
0x00007ffb94cc0000 - 0x00007ffb94d15000 	C:\Windows\System32\shlwapi.dll
0x00007ffb92aa0000 - 0x00007ffb92ac4000 	C:\Windows\SYSTEM32\profapi.dll
0x00007ffb7c880000 - 0x00007ffb7c899000 	C:\Users\SwapnilAlaskar\.p2\pool\plugins\org.eclipse.justj.openjdk.hotspot.jre.full.win32.x86_64_17.0.13.v20241023-1126\jre\bin\net.dll
0x00007ffb8a550000 - 0x00007ffb8a65d000 	C:\Windows\SYSTEM32\WINHTTP.dll
0x00007ffb91d50000 - 0x00007ffb91dba000 	C:\Windows\system32\mswsock.dll
0x00007ffb7b630000 - 0x00007ffb7b646000 	C:\Users\SwapnilAlaskar\.p2\pool\plugins\org.eclipse.justj.openjdk.hotspot.jre.full.win32.x86_64_17.0.13.v20241023-1126\jre\bin\nio.dll
0x00007ffb928e0000 - 0x00007ffb928f8000 	C:\Windows\SYSTEM32\CRYPTSP.dll
0x00007ffb91530000 - 0x00007ffb91564000 	C:\Windows\system32\rsaenh.dll
0x00007ffb92a60000 - 0x00007ffb92a8e000 	C:\Windows\SYSTEM32\USERENV.dll
0x00007ffb91e50000 - 0x00007ffb91e5c000 	C:\Windows\SYSTEM32\CRYPTBASE.dll
0x00007ffb91890000 - 0x00007ffb918cb000 	C:\Windows\SYSTEM32\IPHLPAPI.DLL
0x00007ffb94ef0000 - 0x00007ffb94ef8000 	C:\Windows\System32\NSI.dll
0x00007ffb8aac0000 - 0x00007ffb8aad7000 	C:\Windows\SYSTEM32\dhcpcsvc6.DLL
0x00007ffb8af60000 - 0x00007ffb8af7d000 	C:\Windows\SYSTEM32\dhcpcsvc.DLL
0x00007ffb918e0000 - 0x00007ffb919aa000 	C:\Windows\SYSTEM32\DNSAPI.dll

dbghelp: loaded successfully - version: 4.0.5 - missing functions: none
symbol engine: initialized successfully - sym options: 0x614 - pdb path: .;C:\Users\SwapnilAlaskar\.p2\pool\plugins\org.eclipse.justj.openjdk.hotspot.jre.full.win32.x86_64_17.0.13.v20241023-1126\jre\bin;C:\Windows\SYSTEM32;C:\Windows\WinSxS\amd64_microsoft.windows.common-controls_6595b64144ccf1df_6.0.19041.4355_none_60b8b9eb71f62e16;C:\Users\SwapnilAlaskar\.p2\pool\plugins\org.eclipse.justj.openjdk.hotspot.jre.full.win32.x86_64_17.0.13.v20241023-1126\jre\bin\server

VM Arguments:
jvm_args: -Dfile.encoding=UTF-8 -XX:+ShowCodeDetailsInExceptionMessages 
java_command: cucumber.api.cli.Main C:/Automation Workspace/Cucumber_BDD/Feature_File/Login.feature --glue classpath: --plugin pretty --monochrome
java_class_path (initial): C:\Automation Workspace\Cucumber_BDD\target\classes;C:\Automation Workspace\Cucumber_BDD\target\test-classes;C:\Users\SwapnilAlaskar\.m2\repository\org\seleniumhq\selenium\selenium-java\4.30.0\selenium-java-4.30.0.jar;C:\Users\SwapnilAlaskar\.m2\repository\org\seleniumhq\selenium\selenium-api\4.30.0\selenium-api-4.30.0.jar;C:\Users\SwapnilAlaskar\.m2\repository\org\jspecify\jspecify\1.0.0\jspecify-1.0.0.jar;C:\Users\SwapnilAlaskar\.m2\repository\org\seleniumhq\selenium\selenium-chrome-driver\4.30.0\selenium-chrome-driver-4.30.0.jar;C:\Users\SwapnilAlaskar\.m2\repository\com\google\auto\service\auto-service-annotations\1.1.1\auto-service-annotations-1.1.1.jar;C:\Users\SwapnilAlaskar\.m2\repository\org\seleniumhq\selenium\selenium-chromium-driver\4.30.0\selenium-chromium-driver-4.30.0.jar;C:\Users\SwapnilAlaskar\.m2\repository\org\seleniumhq\selenium\selenium-json\4.30.0\selenium-json-4.30.0.jar;C:\Users\SwapnilAlaskar\.m2\repository\org\seleniumhq\selenium\selenium-manager\4.30.0\selenium-manager-4.30.0.jar;C:\Users\SwapnilAlaskar\.m2\repository\org\seleniumhq\selenium\selenium-devtools-v132\4.30.0\selenium-devtools-v132-4.30.0.jar;C:\Users\SwapnilAlaskar\.m2\repository\org\seleniumhq\selenium\selenium-devtools-v133\4.30.0\selenium-devtools-v133-4.30.0.jar;C:\Users\SwapnilAlaskar\.m2\repository\org\seleniumhq\selenium\selenium-devtools-v134\4.30.0\selenium-devtools-v134-4.30.0.jar;C:\Users\SwapnilAlaskar\.m2\repository\org\seleniumhq\selenium\selenium-edge-driver\4.30.0\selenium-edge-driver-4.30.0.jar;C:\Users\SwapnilAlaskar\.m2\repository\org\seleniumhq\selenium\selenium-firefox-driver\4.30.0\selenium-firefox-driver-4.30.0.jar;C:\Users\SwapnilAlaskar\.m2\repository\org\seleniumhq\selenium\selenium-http\4.30.0\selenium-http-4.30.0.jar;C:\Users\SwapnilAlaskar\.m2\repository\org\seleniumhq\selenium\selenium-ie-driver\4.30.0\selenium-ie-driver-4.30.0.jar;C:\Users\SwapnilAlaskar\.m2\repository\org\seleniumhq\selenium\selenium-remote-driver\4.
Launcher Type: SUN_STANDARD

[Global flags]
     intx CICompilerCount                          = 3                                         {product} {ergonomic}
     uint ConcGCThreads                            = 1                                         {product} {ergonomic}
     uint G1ConcRefinementThreads                  = 4                                         {product} {ergonomic}
   size_t G1HeapRegionSize                         = 1048576                                   {product} {ergonomic}
    uintx GCDrainStackTargetSize                   = 64                                        {product} {ergonomic}
   size_t InitialHeapSize                          = 67108864                                  {product} {ergonomic}
   size_t MarkStackSize                            = 4194304                                   {product} {ergonomic}
   size_t MaxHeapSize                              = 1048576000                                {product} {ergonomic}
   size_t MaxNewSize                               = 629145600                                 {product} {ergonomic}
   size_t MinHeapDeltaBytes                        = 1048576                                   {product} {ergonomic}
   size_t MinHeapSize                              = 8388608                                   {product} {ergonomic}
    uintx NonNMethodCodeHeapSize                   = 5832780                                {pd product} {ergonomic}
    uintx NonProfiledCodeHeapSize                  = 122912730                              {pd product} {ergonomic}
    uintx ProfiledCodeHeapSize                     = 122912730                              {pd product} {ergonomic}
    uintx ReservedCodeCacheSize                    = 251658240                              {pd product} {ergonomic}
     bool SegmentedCodeCache                       = true                                      {product} {ergonomic}
     bool ShowCodeDetailsInExceptionMessages       = true                                   {manageable} {command line}
   size_t SoftMaxHeapSize                          = 1048576000                             {manageable} {ergonomic}
     bool UseCompressedClassPointers               = true                           {product lp64_product} {ergonomic}
     bool UseCompressedOops                        = true                           {product lp64_product} {ergonomic}
     bool UseG1GC                                  = true                                      {product} {ergonomic}
     bool UseLargePagesIndividualAllocation        = false                                  {pd product} {ergonomic}

Logging:
Log output configuration:
 #0: stdout all=warning uptime,level,tags
 #1: stderr all=off uptime,level,tags

Environment Variables:
JAVA_HOME=C:\Program Files\Java\jdk1.8.0_144
PATH=C:/Users/SwapnilAlaskar/.p2/pool/plugins/org.eclipse.justj.openjdk.hotspot.jre.full.win32.x86_64_17.0.13.v20241023-1126/jre/bin/server;C:/Users/SwapnilAlaskar/.p2/pool/plugins/org.eclipse.justj.openjdk.hotspot.jre.full.win32.x86_64_17.0.13.v20241023-1126/jre/bin;C:\Program Files\Common Files\Oracle\Java\javapath;C:\Program Files\Java\jdk1.8.0_144\bin;C:\Program Files\apache-maven-3.9.9\bin;C:\Program Files\Java\jdk1.8.0_144\bin;C:\Program Files\nodejs;C:\Program Files\Git\cmd;C:\Users\SwapnilAlaskar\AppData\Roaming\npm;;C:\Program Files\Docker\Docker\resources\bin;C:\Program Files\Java\jdk1.8.0_144;C:\Users\SwapnilAlaskar\AppData\Local\Programs\Microsoft VS Code\bin;C:\Users\SwapnilAlaskar\Desktop;
USERNAME=SwapnilAlaskar
OS=Windows_NT
PROCESSOR_IDENTIFIER=Intel64 Family 6 Model 61 Stepping 4, GenuineIntel
TMP=C:\Users\SWAPNI~1\AppData\Local\Temp
TEMP=C:\Users\SWAPNI~1\AppData\Local\Temp



Periodic native trim disabled


---------------  S Y S T E M  ---------------

OS:
 Windows 10 , 64 bit Build 19041 (10.0.19041.5198)
OS uptime: 6 days 20:49 hours
Hyper-V role detected

CPU: total 4 (initial active 4) (2 cores per cpu, 2 threads per core) family 6 model 61 stepping 4 microcode 0x2d, cx8, cmov, fxsr, ht, mmx, 3dnowpref, sse, sse2, sse3, ssse3, sse4.1, sse4.2, popcnt, lzcnt, tsc, tscinvbit, avx, avx2, aes, erms, clmul, bmi1, bmi2, adx, fma, vzeroupper, clflush, hv
Processor Information for all 4 processors :
  Max Mhz: 2097, Current Mhz: 2097, Mhz Limit: 2097

Memory: 4k page, system-wide physical 3998M (2030M free)
TotalPageFile size 8898M (AvailPageFile size 5111M)
current process WorkingSet (physical memory assigned to process): 123M, peak: 123M
current process commit charge ("private bytes"): 157M, peak: 165M

vm_info: OpenJDK 64-Bit Server VM (17.0.13+11) for windows-amd64 JRE (17.0.13+11), built on Oct 16 2024 00:10:08 by "admin" with MS VC++ 17.7 (VS2022)

END.
